{"C:/Users/rhz19/ITHS/Testning/my-project/frontend/src/App.tsx": {"path":"C:/Users/rhz19/ITHS/Testning/my-project/frontend/src/App.tsx","statementMap":{"0":{"start":{"line":3,"column":2},"end":{"line":3,"column":null}},"1":{"start":{"line":4,"column":1},"end":{"line":2,"column":15}},"2":{"start":{"line":6,"column":19},"end":{"line":6,"column":null}}},"fnMap":{"0":{"name":"App","decl":{"start":{"line":2,"column":9},"end":{"line":2,"column":15}},"loc":{"start":{"line":2,"column":15},"end":{"line":4,"column":1}}}},"branchMap":{},"s":{"0":0,"1":4,"2":4},"f":{"0":0},"b":{}}
,"C:/Users/rhz19/ITHS/Testning/my-project/frontend/src/main.tsx": {"path":"C:/Users/rhz19/ITHS/Testning/my-project/frontend/src/main.tsx","statementMap":{"0":{"start":{"line":7,"column":0},"end":{"line":13,"column":null}}},"fnMap":{},"branchMap":{},"s":{"0":4},"f":{},"b":{}}
,"C:/Users/rhz19/ITHS/Testning/my-project/frontend/src/components/CityPicker.tsx": {"path":"C:/Users/rhz19/ITHS/Testning/my-project/frontend/src/components/CityPicker.tsx","statementMap":{"0":{"start":{"line":29,"column":55},"end":{"line":29,"column":null}},"1":{"start":{"line":30,"column":30},"end":{"line":30,"column":null}},"2":{"start":{"line":31,"column":42},"end":{"line":31,"column":null}},"3":{"start":{"line":32,"column":24},"end":{"line":32,"column":null}},"4":{"start":{"line":33,"column":38},"end":{"line":33,"column":null}},"5":{"start":{"line":34,"column":26},"end":{"line":34,"column":null}},"6":{"start":{"line":35,"column":30},"end":{"line":35,"column":null}},"7":{"start":{"line":36,"column":32},"end":{"line":36,"column":null}},"8":{"start":{"line":37,"column":40},"end":{"line":37,"column":null}},"9":{"start":{"line":38,"column":38},"end":{"line":38,"column":null}},"10":{"start":{"line":40,"column":2},"end":{"line":45,"column":null}},"11":{"start":{"line":41,"column":4},"end":{"line":44,"column":null}},"12":{"start":{"line":42,"column":21},"end":{"line":42,"column":31}},"13":{"start":{"line":43,"column":22},"end":{"line":43,"column":37}},"14":{"start":{"line":44,"column":22},"end":{"line":44,"column":64}},"15":{"start":{"line":47,"column":29},"end":{"line":64,"column":null}},"16":{"start":{"line":48,"column":4},"end":{"line":48,"column":null}},"17":{"start":{"line":48,"column":32},"end":{"line":48,"column":null}},"18":{"start":{"line":49,"column":4},"end":{"line":49,"column":null}},"19":{"start":{"line":50,"column":4},"end":{"line":50,"column":null}},"20":{"start":{"line":51,"column":4},"end":{"line":63,"column":null}},"21":{"start":{"line":53,"column":8},"end":{"line":56,"column":null}},"22":{"start":{"line":57,"column":8},"end":{"line":57,"column":null}},"23":{"start":{"line":60,"column":8},"end":{"line":60,"column":null}},"24":{"start":{"line":61,"column":8},"end":{"line":61,"column":null}},"25":{"start":{"line":66,"column":22},"end":{"line":71,"column":null}},"26":{"start":{"line":67,"column":4},"end":{"line":67,"column":null}},"27":{"start":{"line":68,"column":4},"end":{"line":68,"column":null}},"28":{"start":{"line":69,"column":4},"end":{"line":69,"column":null}},"29":{"start":{"line":70,"column":4},"end":{"line":70,"column":null}},"30":{"start":{"line":73,"column":23},"end":{"line":77,"column":null}},"31":{"start":{"line":74,"column":4},"end":{"line":74,"column":null}},"32":{"start":{"line":75,"column":4},"end":{"line":75,"column":null}},"33":{"start":{"line":76,"column":4},"end":{"line":76,"column":null}},"34":{"start":{"line":79,"column":2},"end":{"line":83,"column":null}},"35":{"start":{"line":80,"column":4},"end":{"line":82,"column":null}},"36":{"start":{"line":81,"column":6},"end":{"line":81,"column":null}},"37":{"start":{"line":85,"column":23},"end":{"line":90,"column":null}},"38":{"start":{"line":86,"column":4},"end":{"line":86,"column":null}},"39":{"start":{"line":87,"column":4},"end":{"line":87,"column":null}},"40":{"start":{"line":88,"column":4},"end":{"line":88,"column":null}},"41":{"start":{"line":89,"column":4},"end":{"line":89,"column":null}},"42":{"start":{"line":96,"column":4},"end":{"line":96,"column":null}},"43":{"start":{"line":103,"column":24},"end":{"line":103,"column":null}},"44":{"start":{"line":104,"column":25},"end":{"line":104,"column":null}},"45":{"start":{"line":105,"column":27},"end":{"line":105,"column":null}},"46":{"start":{"line":106,"column":28},"end":{"line":106,"column":null}},"47":{"start":{"line":107,"column":19},"end":{"line":107,"column":null}},"48":{"start":{"line":110,"column":6},"end":{"line":115,"column":null}},"49":{"start":{"line":117,"column":4},"end":{"line":117,"column":null}},"50":{"start":{"line":120,"column":2},"end":{"line":139,"column":null}},"51":{"start":{"line":121,"column":4},"end":{"line":121,"column":null}},"52":{"start":{"line":121,"column":40},"end":{"line":121,"column":null}},"53":{"start":{"line":123,"column":22},"end":{"line":123,"column":null}},"54":{"start":{"line":124,"column":31},"end":{"line":124,"column":null}},"55":{"start":{"line":126,"column":4},"end":{"line":136,"column":null}},"56":{"start":{"line":127,"column":23},"end":{"line":130,"column":null}},"57":{"start":{"line":132,"column":6},"end":{"line":135,"column":null}},"58":{"start":{"line":133,"column":8},"end":{"line":133,"column":null}},"59":{"start":{"line":134,"column":8},"end":{"line":134,"column":null}},"60":{"start":{"line":138,"column":4},"end":{"line":138,"column":null}},"61":{"start":{"line":141,"column":23},"end":{"line":153,"column":null}},"62":{"start":{"line":143,"column":26},"end":{"line":146,"column":null}},"63":{"start":{"line":147,"column":26},"end":{"line":150,"column":null}},"64":{"start":{"line":151,"column":8},"end":{"line":151,"column":null}},"65":{"start":{"line":155,"column":2},"end":{"line":331,"column":null}},"66":{"start":{"line":241,"column":22},"end":{"line":241,"column":null}},"67":{"start":{"line":262,"column":31},"end":{"line":262,"column":null}},"68":{"start":{"line":273,"column":36},"end":{"line":273,"column":63}},"69":{"start":{"line":275,"column":20},"end":{"line":305,"column":null}},"70":{"start":{"line":283,"column":26},"end":{"line":283,"column":null}},"71":{"start":{"line":284,"column":26},"end":{"line":284,"column":null}},"72":{"start":{"line":325,"column":27},"end":{"line":325,"column":41}},"73":{"start":{"line":333,"column":1},"end":{"line":29,"column":20}},"74":{"start":{"line":29,"column":19},"end":{"line":null,"column":-1}},"75":{"start":{"line":335,"column":26},"end":{"line":335,"column":null}}},"fnMap":{"0":{"name":"CityPicker","decl":{"start":{"line":29,"column":9},"end":{"line":29,"column":19}},"loc":{"start":{"line":29,"column":55},"end":{"line":333,"column":1}}},"1":{"name":"(anonymous_1)","decl":{"start":{"line":40,"column":12},"end":{"line":40,"column":18}},"loc":{"start":{"line":40,"column":18},"end":{"line":45,"column":5}}},"2":{"name":"(anonymous_2)","decl":{"start":{"line":42,"column":12},"end":{"line":42,"column":13}},"loc":{"start":{"line":42,"column":21},"end":{"line":42,"column":31}}},"3":{"name":"(anonymous_3)","decl":{"start":{"line":43,"column":12},"end":{"line":43,"column":13}},"loc":{"start":{"line":43,"column":22},"end":{"line":43,"column":37}}},"4":{"name":"(anonymous_4)","decl":{"start":{"line":44,"column":13},"end":{"line":44,"column":14}},"loc":{"start":{"line":44,"column":22},"end":{"line":44,"column":64}}},"5":{"name":"(anonymous_5)","decl":{"start":{"line":47,"column":29},"end":{"line":47,"column":35}},"loc":{"start":{"line":47,"column":35},"end":{"line":64,"column":null}}},"6":{"name":"(anonymous_6)","decl":{"start":{"line":52,"column":6},"end":{"line":52,"column":7}},"loc":{"start":{"line":52,"column":20},"end":{"line":58,"column":null}}},"7":{"name":"(anonymous_7)","decl":{"start":{"line":59,"column":6},"end":{"line":59,"column":7}},"loc":{"start":{"line":59,"column":15},"end":{"line":62,"column":null}}},"8":{"name":"(anonymous_8)","decl":{"start":{"line":66,"column":22},"end":{"line":66,"column":28}},"loc":{"start":{"line":66,"column":28},"end":{"line":71,"column":null}}},"9":{"name":"(anonymous_9)","decl":{"start":{"line":73,"column":23},"end":{"line":73,"column":29}},"loc":{"start":{"line":73,"column":29},"end":{"line":77,"column":null}}},"10":{"name":"(anonymous_10)","decl":{"start":{"line":79,"column":12},"end":{"line":79,"column":18}},"loc":{"start":{"line":79,"column":18},"end":{"line":83,"column":5}}},"11":{"name":"(anonymous_11)","decl":{"start":{"line":85,"column":23},"end":{"line":85,"column":29}},"loc":{"start":{"line":85,"column":29},"end":{"line":90,"column":null}}},"12":{"name":"degToRad","decl":{"start":{"line":95,"column":11},"end":{"line":95,"column":20}},"loc":{"start":{"line":95,"column":41},"end":{"line":97,"column":null}}},"13":{"name":"calculateDistance","decl":{"start":{"line":99,"column":11},"end":{"line":99,"column":null}},"loc":{"start":{"line":102,"column":12},"end":{"line":118,"column":null}}},"14":{"name":"(anonymous_14)","decl":{"start":{"line":120,"column":12},"end":{"line":120,"column":18}},"loc":{"start":{"line":120,"column":18},"end":{"line":139,"column":5}}},"15":{"name":"(anonymous_15)","decl":{"start":{"line":126,"column":19},"end":{"line":126,"column":20}},"loc":{"start":{"line":126,"column":29},"end":{"line":136,"column":5}}},"16":{"name":"(anonymous_16)","decl":{"start":{"line":142,"column":23},"end":{"line":142,"column":24}},"loc":{"start":{"line":142,"column":33},"end":{"line":152,"column":7}}},"17":{"name":"(anonymous_17)","decl":{"start":{"line":240,"column":29},"end":{"line":240,"column":null}},"loc":{"start":{"line":241,"column":22},"end":{"line":241,"column":null}}},"18":{"name":"(anonymous_18)","decl":{"start":{"line":262,"column":25},"end":{"line":262,"column":31}},"loc":{"start":{"line":262,"column":31},"end":{"line":262,"column":null}}},"19":{"name":"(anonymous_19)","decl":{"start":{"line":273,"column":26},"end":{"line":273,"column":27}},"loc":{"start":{"line":273,"column":36},"end":{"line":273,"column":63}}},"20":{"name":"(anonymous_20)","decl":{"start":{"line":274,"column":23},"end":{"line":274,"column":24}},"loc":{"start":{"line":275,"column":20},"end":{"line":305,"column":null}}},"21":{"name":"(anonymous_21)","decl":{"start":{"line":282,"column":33},"end":{"line":282,"column":39}},"loc":{"start":{"line":282,"column":39},"end":{"line":285,"column":null}}},"22":{"name":"(anonymous_22)","decl":{"start":{"line":325,"column":21},"end":{"line":325,"column":27}},"loc":{"start":{"line":325,"column":27},"end":{"line":325,"column":41}}}},"branchMap":{"0":{"loc":{"start":{"line":48,"column":4},"end":{"line":48,"column":null}},"type":"if","locations":[{"start":{"line":48,"column":4},"end":{"line":48,"column":null}}]},"1":{"loc":{"start":{"line":80,"column":4},"end":{"line":82,"column":null}},"type":"if","locations":[{"start":{"line":80,"column":4},"end":{"line":82,"column":null}}]},"2":{"loc":{"start":{"line":80,"column":8},"end":{"line":80,"column":31}},"type":"binary-expr","locations":[{"start":{"line":80,"column":8},"end":{"line":80,"column":22}},{"start":{"line":80,"column":22},"end":{"line":80,"column":31}}]},"3":{"loc":{"start":{"line":121,"column":4},"end":{"line":121,"column":null}},"type":"if","locations":[{"start":{"line":121,"column":4},"end":{"line":121,"column":null}}]},"4":{"loc":{"start":{"line":121,"column":8},"end":{"line":121,"column":40}},"type":"binary-expr","locations":[{"start":{"line":121,"column":8},"end":{"line":121,"column":19}},{"start":{"line":121,"column":19},"end":{"line":121,"column":40}}]},"5":{"loc":{"start":{"line":132,"column":6},"end":{"line":135,"column":null}},"type":"if","locations":[{"start":{"line":132,"column":6},"end":{"line":135,"column":null}}]},"6":{"loc":{"start":{"line":141,"column":23},"end":{"line":153,"column":null}},"type":"cond-expr","locations":[{"start":{"line":142,"column":6},"end":{"line":152,"column":null}},{"start":{"line":153,"column":6},"end":{"line":153,"column":null}}]},"7":{"loc":{"start":{"line":181,"column":7},"end":{"line":329,"column":null}},"type":"cond-expr","locations":[{"start":{"line":182,"column":8},"end":{"line":310,"column":null}},{"start":{"line":312,"column":8},"end":{"line":329,"column":null}}]},"8":{"loc":{"start":{"line":201,"column":11},"end":{"line":207,"column":null}},"type":"binary-expr","locations":[{"start":{"line":201,"column":11},"end":{"line":201,"column":null}},{"start":{"line":202,"column":12},"end":{"line":207,"column":null}}]},"9":{"loc":{"start":{"line":210,"column":11},"end":{"line":254,"column":null}},"type":"binary-expr","locations":[{"start":{"line":210,"column":11},"end":{"line":210,"column":null}},{"start":{"line":211,"column":12},"end":{"line":254,"column":null}}]},"10":{"loc":{"start":{"line":241,"column":22},"end":{"line":241,"column":null}},"type":"binary-expr","locations":[{"start":{"line":241,"column":22},"end":{"line":241,"column":43}},{"start":{"line":241,"column":43},"end":{"line":241,"column":null}}]},"11":{"loc":{"start":{"line":257,"column":11},"end":{"line":267,"column":null}},"type":"binary-expr","locations":[{"start":{"line":257,"column":11},"end":{"line":257,"column":null}},{"start":{"line":258,"column":12},"end":{"line":267,"column":null}}]},"12":{"loc":{"start":{"line":265,"column":17},"end":{"line":265,"column":null}},"type":"cond-expr","locations":[{"start":{"line":265,"column":30},"end":{"line":265,"column":52}},{"start":{"line":265,"column":52},"end":{"line":265,"column":null}}]},"13":{"loc":{"start":{"line":269,"column":11},"end":{"line":308,"column":null}},"type":"binary-expr","locations":[{"start":{"line":269,"column":11},"end":{"line":269,"column":null}},{"start":{"line":270,"column":12},"end":{"line":308,"column":null}}]}},"s":{"0":14,"1":14,"2":14,"3":14,"4":14,"5":14,"6":14,"7":14,"8":14,"9":14,"10":14,"11":4,"12":4,"13":4,"14":0,"15":14,"16":1,"17":0,"18":1,"19":1,"20":1,"21":1,"22":1,"23":0,"24":0,"25":14,"26":1,"27":1,"28":1,"29":1,"30":14,"31":1,"32":1,"33":1,"34":14,"35":5,"36":0,"37":14,"38":0,"39":0,"40":0,"41":0,"42":56,"43":14,"44":14,"45":14,"46":14,"47":14,"48":14,"49":14,"50":14,"51":7,"52":6,"53":1,"54":1,"55":1,"56":2,"57":2,"58":1,"59":1,"60":1,"61":14,"62":6,"63":6,"64":6,"65":14,"66":1,"67":0,"68":0,"69":0,"70":0,"71":0,"72":0,"73":4,"74":4,"75":4},"f":{"0":14,"1":4,"2":4,"3":4,"4":0,"5":1,"6":1,"7":0,"8":1,"9":1,"10":5,"11":0,"12":56,"13":14,"14":7,"15":2,"16":6,"17":1,"18":0,"19":0,"20":0,"21":0,"22":0},"b":{"0":[0],"1":[0],"2":[5,1],"3":[6],"4":[7,1],"5":[1],"6":[6,8],"7":[6,8],"8":[6,0],"9":[6,4],"10":[1,1],"11":[6,6],"12":[0,6],"13":[6,0]}}
,"C:/Users/rhz19/ITHS/Testning/my-project/frontend/src/components/Footer.tsx": {"path":"C:/Users/rhz19/ITHS/Testning/my-project/frontend/src/components/Footer.tsx","statementMap":{"0":{"start":{"line":6,"column":2},"end":{"line":21,"column":null}},"1":{"start":{"line":23,"column":1},"end":{"line":5,"column":18}},"2":{"start":{"line":25,"column":22},"end":{"line":25,"column":null}}},"fnMap":{"0":{"name":"Footer","decl":{"start":{"line":5,"column":9},"end":{"line":5,"column":18}},"loc":{"start":{"line":5,"column":18},"end":{"line":23,"column":1}}}},"branchMap":{},"s":{"0":8,"1":4,"2":4},"f":{"0":8},"b":{}}
,"C:/Users/rhz19/ITHS/Testning/my-project/frontend/src/components/Navbar.tsx": {"path":"C:/Users/rhz19/ITHS/Testning/my-project/frontend/src/components/Navbar.tsx","statementMap":{"0":{"start":{"line":8,"column":18},"end":{"line":8,"column":null}},"1":{"start":{"line":9,"column":19},"end":{"line":9,"column":null}},"2":{"start":{"line":11,"column":2},"end":{"line":27,"column":null}},"3":{"start":{"line":17,"column":25},"end":{"line":17,"column":39}},"4":{"start":{"line":22,"column":49},"end":{"line":22,"column":64}},"5":{"start":{"line":29,"column":1},"end":{"line":9,"column":31}},"6":{"start":{"line":8,"column":15},"end":{"line":9,"column":31}},"7":{"start":{"line":9,"column":30},"end":{"line":8,"column":15}},"8":{"start":{"line":31,"column":22},"end":{"line":31,"column":null}}},"fnMap":{"0":{"name":"Navbar","decl":{"start":{"line":8,"column":9},"end":{"line":8,"column":15}},"loc":{"start":{"line":8,"column":18},"end":{"line":29,"column":1}}},"1":{"name":"(anonymous_1)","decl":{"start":{"line":17,"column":19},"end":{"line":17,"column":25}},"loc":{"start":{"line":17,"column":25},"end":{"line":17,"column":39}}},"2":{"name":"(anonymous_2)","decl":{"start":{"line":22,"column":43},"end":{"line":22,"column":49}},"loc":{"start":{"line":22,"column":49},"end":{"line":22,"column":64}}},"3":{"name":"(anonymous_3)","decl":{"start":{"line":8,"column":15},"end":{"line":8,"column":18}},"loc":{"start":{"line":8,"column":15},"end":{"line":9,"column":31}}}},"branchMap":{},"s":{"0":14,"1":14,"2":14,"3":0,"4":0,"5":4,"6":4,"7":4,"8":4},"f":{"0":14,"1":0,"2":0,"3":4},"b":{}}
,"C:/Users/rhz19/ITHS/Testning/my-project/frontend/src/components/PuzzleCard.tsx": {"path":"C:/Users/rhz19/ITHS/Testning/my-project/frontend/src/components/PuzzleCard.tsx","statementMap":{"0":{"start":{"line":30,"column":25},"end":{"line":30,"column":null}},"1":{"start":{"line":31,"column":2},"end":{"line":47,"column":null}},"2":{"start":{"line":33,"column":6},"end":{"line":33,"column":null}},"3":{"start":{"line":33,"column":38},"end":{"line":33,"column":null}},"4":{"start":{"line":35,"column":27},"end":{"line":35,"column":null}},"5":{"start":{"line":36,"column":23},"end":{"line":39,"column":null}},"6":{"start":{"line":41,"column":6},"end":{"line":45,"column":null}},"7":{"start":{"line":42,"column":8},"end":{"line":42,"column":null}},"8":{"start":{"line":44,"column":8},"end":{"line":44,"column":null}},"9":{"start":{"line":49,"column":2},"end":{"line":49,"column":null}},"10":{"start":{"line":50,"column":1},"end":{"line":31,"column":15}},"11":{"start":{"line":24,"column":24},"end":{"line":31,"column":15}},"12":{"start":{"line":31,"column":14},"end":{"line":24,"column":24}},"13":{"start":{"line":52,"column":48},"end":{"line":52,"column":null}},"14":{"start":{"line":53,"column":32},"end":{"line":53,"column":null}},"15":{"start":{"line":54,"column":52},"end":{"line":54,"column":null}},"16":{"start":{"line":55,"column":38},"end":{"line":55,"column":null}},"17":{"start":{"line":56,"column":34},"end":{"line":56,"column":null}},"18":{"start":{"line":57,"column":38},"end":{"line":57,"column":null}},"19":{"start":{"line":58,"column":44},"end":{"line":58,"column":null}},"20":{"start":{"line":59,"column":42},"end":{"line":59,"column":null}},"21":{"start":{"line":60,"column":36},"end":{"line":60,"column":null}},"22":{"start":{"line":61,"column":42},"end":{"line":61,"column":null}},"23":{"start":{"line":63,"column":32},"end":{"line":63,"column":null}},"24":{"start":{"line":64,"column":28},"end":{"line":64,"column":null}},"25":{"start":{"line":66,"column":2},"end":{"line":85,"column":null}},"26":{"start":{"line":67,"column":4},"end":{"line":67,"column":null}},"27":{"start":{"line":67,"column":16},"end":{"line":67,"column":null}},"28":{"start":{"line":69,"column":4},"end":{"line":69,"column":null}},"29":{"start":{"line":70,"column":4},"end":{"line":84,"column":null}},"30":{"start":{"line":71,"column":21},"end":{"line":71,"column":31}},"31":{"start":{"line":73,"column":8},"end":{"line":73,"column":null}},"32":{"start":{"line":74,"column":8},"end":{"line":74,"column":null}},"33":{"start":{"line":75,"column":8},"end":{"line":75,"column":null}},"34":{"start":{"line":76,"column":8},"end":{"line":76,"column":null}},"35":{"start":{"line":77,"column":8},"end":{"line":77,"column":null}},"36":{"start":{"line":78,"column":8},"end":{"line":78,"column":null}},"37":{"start":{"line":81,"column":8},"end":{"line":81,"column":null}},"38":{"start":{"line":82,"column":8},"end":{"line":82,"column":null}},"39":{"start":{"line":84,"column":21},"end":{"line":84,"column":38}},"40":{"start":{"line":87,"column":2},"end":{"line":87,"column":null}},"41":{"start":{"line":87,"column":15},"end":{"line":87,"column":null}},"42":{"start":{"line":88,"column":2},"end":{"line":88,"column":null}},"43":{"start":{"line":88,"column":13},"end":{"line":88,"column":null}},"44":{"start":{"line":89,"column":2},"end":{"line":90,"column":null}},"45":{"start":{"line":90,"column":4},"end":{"line":90,"column":null}},"46":{"start":{"line":92,"column":23},"end":{"line":94,"column":null}},"47":{"start":{"line":93,"column":16},"end":{"line":93,"column":null}},"48":{"start":{"line":95,"column":2},"end":{"line":95,"column":null}},"49":{"start":{"line":95,"column":38},"end":{"line":95,"column":null}},"50":{"start":{"line":97,"column":29},"end":{"line":108,"column":null}},"51":{"start":{"line":98,"column":4},"end":{"line":98,"column":null}},"52":{"start":{"line":99,"column":4},"end":{"line":99,"column":null}},"53":{"start":{"line":100,"column":4},"end":{"line":100,"column":null}},"54":{"start":{"line":101,"column":4},"end":{"line":101,"column":null}},"55":{"start":{"line":103,"column":4},"end":{"line":107,"column":null}},"56":{"start":{"line":104,"column":6},"end":{"line":104,"column":null}},"57":{"start":{"line":106,"column":6},"end":{"line":106,"column":null}},"58":{"start":{"line":110,"column":30},"end":{"line":115,"column":null}},"59":{"start":{"line":111,"column":4},"end":{"line":111,"column":null}},"60":{"start":{"line":112,"column":4},"end":{"line":112,"column":null}},"61":{"start":{"line":113,"column":4},"end":{"line":113,"column":null}},"62":{"start":{"line":114,"column":4},"end":{"line":114,"column":null}},"63":{"start":{"line":117,"column":30},"end":{"line":121,"column":null}},"64":{"start":{"line":118,"column":4},"end":{"line":118,"column":null}},"65":{"start":{"line":119,"column":4},"end":{"line":119,"column":null}},"66":{"start":{"line":120,"column":4},"end":{"line":120,"column":null}},"67":{"start":{"line":120,"column":21},"end":{"line":120,"column":42}},"68":{"start":{"line":123,"column":2},"end":{"line":303,"column":null}},"69":{"start":{"line":193,"column":31},"end":{"line":193,"column":54}},"70":{"start":{"line":211,"column":25},"end":{"line":211,"column":48}},"71":{"start":{"line":305,"column":1},"end":{"line":52,"column":20}},"72":{"start":{"line":52,"column":19},"end":{"line":null,"column":-1}},"73":{"start":{"line":307,"column":26},"end":{"line":307,"column":null}}},"fnMap":{"0":{"name":"MapClickHandler","decl":{"start":{"line":24,"column":9},"end":{"line":24,"column":24}},"loc":{"start":{"line":30,"column":25},"end":{"line":50,"column":1}}},"1":{"name":"(anonymous_1)","decl":{"start":{"line":32,"column":11},"end":{"line":32,"column":12}},"loc":{"start":{"line":32,"column":37},"end":{"line":46,"column":null}}},"2":{"name":"(anonymous_2)","decl":{"start":{"line":24,"column":24},"end":{"line":24,"column":25}},"loc":{"start":{"line":24,"column":24},"end":{"line":31,"column":15}}},"3":{"name":"PuzzleCard","decl":{"start":{"line":52,"column":9},"end":{"line":52,"column":19}},"loc":{"start":{"line":52,"column":48},"end":{"line":305,"column":1}}},"4":{"name":"(anonymous_4)","decl":{"start":{"line":66,"column":12},"end":{"line":66,"column":18}},"loc":{"start":{"line":66,"column":18},"end":{"line":85,"column":5}}},"5":{"name":"(anonymous_5)","decl":{"start":{"line":71,"column":12},"end":{"line":71,"column":13}},"loc":{"start":{"line":71,"column":21},"end":{"line":71,"column":31}}},"6":{"name":"(anonymous_6)","decl":{"start":{"line":72,"column":12},"end":{"line":72,"column":13}},"loc":{"start":{"line":72,"column":32},"end":{"line":79,"column":7}}},"7":{"name":"(anonymous_7)","decl":{"start":{"line":80,"column":13},"end":{"line":80,"column":14}},"loc":{"start":{"line":80,"column":22},"end":{"line":83,"column":7}}},"8":{"name":"(anonymous_8)","decl":{"start":{"line":84,"column":15},"end":{"line":84,"column":21}},"loc":{"start":{"line":84,"column":21},"end":{"line":84,"column":38}}},"9":{"name":"(anonymous_9)","decl":{"start":{"line":93,"column":4},"end":{"line":93,"column":5}},"loc":{"start":{"line":93,"column":16},"end":{"line":93,"column":null}}},"10":{"name":"(anonymous_10)","decl":{"start":{"line":97,"column":29},"end":{"line":97,"column":35}},"loc":{"start":{"line":97,"column":35},"end":{"line":108,"column":null}}},"11":{"name":"(anonymous_11)","decl":{"start":{"line":110,"column":30},"end":{"line":110,"column":36}},"loc":{"start":{"line":110,"column":36},"end":{"line":115,"column":null}}},"12":{"name":"(anonymous_12)","decl":{"start":{"line":117,"column":30},"end":{"line":117,"column":36}},"loc":{"start":{"line":117,"column":36},"end":{"line":121,"column":null}}},"13":{"name":"(anonymous_13)","decl":{"start":{"line":120,"column":15},"end":{"line":120,"column":21}},"loc":{"start":{"line":120,"column":21},"end":{"line":120,"column":42}}},"14":{"name":"(anonymous_14)","decl":{"start":{"line":193,"column":25},"end":{"line":193,"column":31}},"loc":{"start":{"line":193,"column":31},"end":{"line":193,"column":54}}},"15":{"name":"(anonymous_15)","decl":{"start":{"line":211,"column":19},"end":{"line":211,"column":25}},"loc":{"start":{"line":211,"column":25},"end":{"line":211,"column":48}}}},"branchMap":{"0":{"loc":{"start":{"line":33,"column":6},"end":{"line":33,"column":null}},"type":"if","locations":[{"start":{"line":33,"column":6},"end":{"line":33,"column":null}}]},"1":{"loc":{"start":{"line":33,"column":10},"end":{"line":33,"column":38}},"type":"binary-expr","locations":[{"start":{"line":33,"column":10},"end":{"line":33,"column":26}},{"start":{"line":33,"column":26},"end":{"line":33,"column":38}}]},"2":{"loc":{"start":{"line":41,"column":6},"end":{"line":45,"column":null}},"type":"if","locations":[{"start":{"line":41,"column":6},"end":{"line":45,"column":null}},{"start":{"line":43,"column":13},"end":{"line":45,"column":null}}]},"3":{"loc":{"start":{"line":67,"column":4},"end":{"line":67,"column":null}},"type":"if","locations":[{"start":{"line":67,"column":4},"end":{"line":67,"column":null}}]},"4":{"loc":{"start":{"line":87,"column":2},"end":{"line":87,"column":null}},"type":"if","locations":[{"start":{"line":87,"column":2},"end":{"line":87,"column":null}}]},"5":{"loc":{"start":{"line":88,"column":2},"end":{"line":88,"column":null}},"type":"if","locations":[{"start":{"line":88,"column":2},"end":{"line":88,"column":null}}]},"6":{"loc":{"start":{"line":89,"column":2},"end":{"line":90,"column":null}},"type":"if","locations":[{"start":{"line":89,"column":2},"end":{"line":90,"column":null}}]},"7":{"loc":{"start":{"line":95,"column":2},"end":{"line":95,"column":null}},"type":"if","locations":[{"start":{"line":95,"column":2},"end":{"line":95,"column":null}}]},"8":{"loc":{"start":{"line":95,"column":6},"end":{"line":95,"column":38}},"type":"binary-expr","locations":[{"start":{"line":95,"column":6},"end":{"line":95,"column":23}},{"start":{"line":95,"column":23},"end":{"line":95,"column":38}}]},"9":{"loc":{"start":{"line":103,"column":4},"end":{"line":107,"column":null}},"type":"if","locations":[{"start":{"line":103,"column":4},"end":{"line":107,"column":null}},{"start":{"line":105,"column":11},"end":{"line":107,"column":null}}]},"10":{"loc":{"start":{"line":151,"column":13},"end":{"line":157,"column":null}},"type":"binary-expr","locations":[{"start":{"line":151,"column":13},"end":{"line":151,"column":null}},{"start":{"line":152,"column":14},"end":{"line":157,"column":null}}]},"11":{"loc":{"start":{"line":160,"column":13},"end":{"line":165,"column":null}},"type":"binary-expr","locations":[{"start":{"line":160,"column":13},"end":{"line":160,"column":27}},{"start":{"line":160,"column":27},"end":{"line":160,"column":null}},{"start":{"line":161,"column":14},"end":{"line":165,"column":null}}]},"12":{"loc":{"start":{"line":171,"column":7},"end":{"line":199,"column":null}},"type":"binary-expr","locations":[{"start":{"line":171,"column":7},"end":{"line":171,"column":19}},{"start":{"line":171,"column":19},"end":{"line":171,"column":34}},{"start":{"line":171,"column":34},"end":{"line":171,"column":51}},{"start":{"line":171,"column":51},"end":{"line":171,"column":null}},{"start":{"line":172,"column":8},"end":{"line":199,"column":null}}]},"13":{"loc":{"start":{"line":190,"column":13},"end":{"line":196,"column":null}},"type":"binary-expr","locations":[{"start":{"line":190,"column":13},"end":{"line":190,"column":28}},{"start":{"line":190,"column":28},"end":{"line":190,"column":null}},{"start":{"line":191,"column":14},"end":{"line":196,"column":null}}]},"14":{"loc":{"start":{"line":201,"column":7},"end":{"line":214,"column":null}},"type":"binary-expr","locations":[{"start":{"line":201,"column":7},"end":{"line":201,"column":null}},{"start":{"line":202,"column":8},"end":{"line":214,"column":null}}]},"15":{"loc":{"start":{"line":216,"column":7},"end":{"line":249,"column":null}},"type":"binary-expr","locations":[{"start":{"line":216,"column":7},"end":{"line":216,"column":21}},{"start":{"line":216,"column":21},"end":{"line":216,"column":38}},{"start":{"line":216,"column":38},"end":{"line":216,"column":null}},{"start":{"line":217,"column":8},"end":{"line":249,"column":null}}]},"16":{"loc":{"start":{"line":252,"column":7},"end":{"line":279,"column":null}},"type":"binary-expr","locations":[{"start":{"line":252,"column":7},"end":{"line":252,"column":null}},{"start":{"line":253,"column":8},"end":{"line":279,"column":null}}]},"17":{"loc":{"start":{"line":282,"column":7},"end":{"line":301,"column":null}},"type":"binary-expr","locations":[{"start":{"line":282,"column":7},"end":{"line":282,"column":null}},{"start":{"line":283,"column":8},"end":{"line":301,"column":null}}]}},"s":{"0":24,"1":24,"2":2,"3":0,"4":2,"5":2,"6":2,"7":2,"8":0,"9":24,"10":4,"11":3,"12":4,"13":32,"14":32,"15":32,"16":32,"17":32,"18":32,"19":32,"20":32,"21":32,"22":32,"23":32,"24":32,"25":32,"26":7,"27":0,"28":7,"29":7,"30":7,"31":7,"32":7,"33":7,"34":7,"35":7,"36":7,"37":0,"38":0,"39":7,"40":32,"41":8,"42":24,"43":0,"44":24,"45":0,"46":24,"47":32,"48":24,"49":0,"50":24,"51":2,"52":2,"53":2,"54":2,"55":2,"56":1,"57":1,"58":24,"59":2,"60":2,"61":2,"62":2,"63":24,"64":0,"65":0,"66":0,"67":0,"68":24,"69":3,"70":1,"71":4,"72":4,"73":8},"f":{"0":24,"1":2,"2":3,"3":32,"4":7,"5":7,"6":7,"7":0,"8":7,"9":32,"10":2,"11":2,"12":0,"13":0,"14":3,"15":1},"b":{"0":[0],"1":[2,2],"2":[2,0],"3":[0],"4":[8],"5":[0],"6":[0],"7":[0],"8":[24,0],"9":[1,1],"10":[24,24],"11":[24,4,4],"12":[24,14,14,12,12],"13":[12,12,12],"14":[24,10],"15":[24,4,4,4],"16":[24,2],"17":[24,0]}}
,"C:/Users/rhz19/ITHS/Testning/my-project/frontend/src/pages/City.tsx": {"path":"C:/Users/rhz19/ITHS/Testning/my-project/frontend/src/pages/City.tsx","statementMap":{"0":{"start":{"line":15,"column":16},"end":{"line":15,"column":null}},"1":{"start":{"line":16,"column":23},"end":{"line":16,"column":null}},"2":{"start":{"line":17,"column":19},"end":{"line":17,"column":null}},"3":{"start":{"line":18,"column":34},"end":{"line":18,"column":null}},"4":{"start":{"line":19,"column":32},"end":{"line":19,"column":null}},"5":{"start":{"line":20,"column":34},"end":{"line":20,"column":null}},"6":{"start":{"line":22,"column":2},"end":{"line":34,"column":null}},"7":{"start":{"line":23,"column":4},"end":{"line":33,"column":null}},"8":{"start":{"line":24,"column":21},"end":{"line":24,"column":31}},"9":{"start":{"line":26,"column":8},"end":{"line":26,"column":null}},"10":{"start":{"line":27,"column":8},"end":{"line":27,"column":null}},"11":{"start":{"line":30,"column":8},"end":{"line":30,"column":null}},"12":{"start":{"line":31,"column":8},"end":{"line":31,"column":null}},"13":{"start":{"line":33,"column":21},"end":{"line":33,"column":38}},"14":{"start":{"line":36,"column":2},"end":{"line":45,"column":null}},"15":{"start":{"line":37,"column":4},"end":{"line":43,"column":null}},"16":{"start":{"line":47,"column":2},"end":{"line":81,"column":null}},"17":{"start":{"line":67,"column":29},"end":{"line":67,"column":null}},"18":{"start":{"line":83,"column":1},"end":{"line":17,"column":31}},"19":{"start":{"line":15,"column":13},"end":{"line":17,"column":31}},"20":{"start":{"line":17,"column":30},"end":{"line":15,"column":13}},"21":{"start":{"line":85,"column":20},"end":{"line":85,"column":null}}},"fnMap":{"0":{"name":"City","decl":{"start":{"line":15,"column":9},"end":{"line":15,"column":13}},"loc":{"start":{"line":15,"column":16},"end":{"line":83,"column":1}}},"1":{"name":"(anonymous_1)","decl":{"start":{"line":22,"column":12},"end":{"line":22,"column":18}},"loc":{"start":{"line":22,"column":18},"end":{"line":34,"column":5}}},"2":{"name":"(anonymous_2)","decl":{"start":{"line":24,"column":12},"end":{"line":24,"column":13}},"loc":{"start":{"line":24,"column":21},"end":{"line":24,"column":31}}},"3":{"name":"(anonymous_3)","decl":{"start":{"line":25,"column":12},"end":{"line":25,"column":13}},"loc":{"start":{"line":25,"column":22},"end":{"line":28,"column":7}}},"4":{"name":"(anonymous_4)","decl":{"start":{"line":29,"column":13},"end":{"line":29,"column":14}},"loc":{"start":{"line":29,"column":22},"end":{"line":32,"column":7}}},"5":{"name":"(anonymous_5)","decl":{"start":{"line":33,"column":15},"end":{"line":33,"column":21}},"loc":{"start":{"line":33,"column":21},"end":{"line":33,"column":38}}},"6":{"name":"(anonymous_6)","decl":{"start":{"line":67,"column":23},"end":{"line":67,"column":29}},"loc":{"start":{"line":67,"column":29},"end":{"line":67,"column":null}}},"7":{"name":"(anonymous_7)","decl":{"start":{"line":15,"column":13},"end":{"line":15,"column":16}},"loc":{"start":{"line":15,"column":13},"end":{"line":17,"column":31}}}},"branchMap":{"0":{"loc":{"start":{"line":26,"column":20},"end":{"line":26,"column":41}},"type":"binary-expr","locations":[{"start":{"line":26,"column":20},"end":{"line":26,"column":33}},{"start":{"line":26,"column":33},"end":{"line":26,"column":41}}]},"1":{"loc":{"start":{"line":27,"column":20},"end":{"line":27,"column":35}},"type":"binary-expr","locations":[{"start":{"line":27,"column":20},"end":{"line":27,"column":33}},{"start":{"line":27,"column":33},"end":{"line":27,"column":35}}]},"2":{"loc":{"start":{"line":31,"column":20},"end":{"line":31,"column":44}},"type":"binary-expr","locations":[{"start":{"line":31,"column":20},"end":{"line":31,"column":32}},{"start":{"line":31,"column":32},"end":{"line":31,"column":44}}]},"3":{"loc":{"start":{"line":36,"column":2},"end":{"line":45,"column":null}},"type":"if","locations":[{"start":{"line":36,"column":2},"end":{"line":45,"column":null}}]},"4":{"loc":{"start":{"line":50,"column":9},"end":{"line":56,"column":null}},"type":"binary-expr","locations":[{"start":{"line":50,"column":9},"end":{"line":50,"column":null}},{"start":{"line":51,"column":10},"end":{"line":56,"column":null}}]}},"s":{"0":4,"1":4,"2":4,"3":4,"4":4,"5":4,"6":4,"7":2,"8":2,"9":2,"10":2,"11":0,"12":0,"13":2,"14":4,"15":2,"16":2,"17":1,"18":4,"19":1,"20":4,"21":4},"f":{"0":4,"1":2,"2":2,"3":2,"4":0,"5":2,"6":1,"7":1},"b":{"0":[2,0],"1":[2,0],"2":[0,0],"3":[2],"4":[2,2]}}
,"C:/Users/rhz19/ITHS/Testning/my-project/frontend/src/pages/Home.tsx": {"path":"C:/Users/rhz19/ITHS/Testning/my-project/frontend/src/pages/Home.tsx","statementMap":{"0":{"start":{"line":5,"column":16},"end":{"line":5,"column":null}},"1":{"start":{"line":6,"column":19},"end":{"line":6,"column":null}},"2":{"start":{"line":7,"column":30},"end":{"line":7,"column":null}},"3":{"start":{"line":9,"column":27},"end":{"line":12,"column":null}},"4":{"start":{"line":10,"column":4},"end":{"line":10,"column":null}},"5":{"start":{"line":11,"column":4},"end":{"line":11,"column":null}},"6":{"start":{"line":14,"column":2},"end":{"line":17,"column":null}},"7":{"start":{"line":19,"column":1},"end":{"line":6,"column":31}},"8":{"start":{"line":5,"column":13},"end":{"line":6,"column":31}},"9":{"start":{"line":6,"column":30},"end":{"line":5,"column":13}},"10":{"start":{"line":21,"column":20},"end":{"line":21,"column":null}}},"fnMap":{"0":{"name":"Home","decl":{"start":{"line":5,"column":9},"end":{"line":5,"column":13}},"loc":{"start":{"line":5,"column":16},"end":{"line":19,"column":1}}},"1":{"name":"(anonymous_1)","decl":{"start":{"line":9,"column":27},"end":{"line":9,"column":28}},"loc":{"start":{"line":9,"column":45},"end":{"line":12,"column":null}}},"2":{"name":"(anonymous_2)","decl":{"start":{"line":5,"column":13},"end":{"line":5,"column":16}},"loc":{"start":{"line":5,"column":13},"end":{"line":6,"column":31}}}},"branchMap":{},"s":{"0":6,"1":6,"2":6,"3":6,"4":1,"5":1,"6":6,"7":4,"8":2,"9":4,"10":4},"f":{"0":6,"1":1,"2":2},"b":{}}
,"C:/Users/rhz19/ITHS/Testning/my-project/frontend/src/pages/QuestPage.tsx": {"path":"C:/Users/rhz19/ITHS/Testning/my-project/frontend/src/pages/QuestPage.tsx","statementMap":{"0":{"start":{"line":6,"column":21},"end":{"line":6,"column":null}},"1":{"start":{"line":7,"column":22},"end":{"line":7,"column":null}},"2":{"start":{"line":8,"column":28},"end":{"line":8,"column":null}},"3":{"start":{"line":9,"column":32},"end":{"line":9,"column":null}},"4":{"start":{"line":11,"column":2},"end":{"line":19,"column":null}},"5":{"start":{"line":12,"column":4},"end":{"line":12,"column":null}},"6":{"start":{"line":12,"column":18},"end":{"line":12,"column":null}},"7":{"start":{"line":14,"column":4},"end":{"line":18,"column":null}},"8":{"start":{"line":15,"column":21},"end":{"line":15,"column":31}},"9":{"start":{"line":16,"column":22},"end":{"line":16,"column":36}},"10":{"start":{"line":17,"column":22},"end":{"line":17,"column":40}},"11":{"start":{"line":18,"column":21},"end":{"line":18,"column":38}},"12":{"start":{"line":21,"column":2},"end":{"line":21,"column":null}},"13":{"start":{"line":21,"column":15},"end":{"line":21,"column":null}},"14":{"start":{"line":22,"column":2},"end":{"line":22,"column":null}},"15":{"start":{"line":22,"column":14},"end":{"line":22,"column":null}},"16":{"start":{"line":24,"column":2},"end":{"line":27,"column":null}},"17":{"start":{"line":29,"column":1},"end":{"line":7,"column":32}},"18":{"start":{"line":6,"column":18},"end":{"line":7,"column":32}},"19":{"start":{"line":7,"column":31},"end":{"line":6,"column":18}},"20":{"start":{"line":31,"column":25},"end":{"line":31,"column":null}}},"fnMap":{"0":{"name":"QuestPage","decl":{"start":{"line":6,"column":9},"end":{"line":6,"column":18}},"loc":{"start":{"line":6,"column":21},"end":{"line":29,"column":1}}},"1":{"name":"(anonymous_1)","decl":{"start":{"line":11,"column":12},"end":{"line":11,"column":18}},"loc":{"start":{"line":11,"column":18},"end":{"line":19,"column":5}}},"2":{"name":"(anonymous_2)","decl":{"start":{"line":15,"column":12},"end":{"line":15,"column":13}},"loc":{"start":{"line":15,"column":21},"end":{"line":15,"column":31}}},"3":{"name":"(anonymous_3)","decl":{"start":{"line":16,"column":12},"end":{"line":16,"column":13}},"loc":{"start":{"line":16,"column":22},"end":{"line":16,"column":36}}},"4":{"name":"(anonymous_4)","decl":{"start":{"line":17,"column":13},"end":{"line":17,"column":14}},"loc":{"start":{"line":17,"column":22},"end":{"line":17,"column":40}}},"5":{"name":"(anonymous_5)","decl":{"start":{"line":18,"column":15},"end":{"line":18,"column":21}},"loc":{"start":{"line":18,"column":21},"end":{"line":18,"column":38}}},"6":{"name":"(anonymous_6)","decl":{"start":{"line":6,"column":18},"end":{"line":6,"column":21}},"loc":{"start":{"line":6,"column":18},"end":{"line":7,"column":32}}}},"branchMap":{"0":{"loc":{"start":{"line":12,"column":4},"end":{"line":12,"column":null}},"type":"if","locations":[{"start":{"line":12,"column":4},"end":{"line":12,"column":null}}]},"1":{"loc":{"start":{"line":21,"column":2},"end":{"line":21,"column":null}},"type":"if","locations":[{"start":{"line":21,"column":2},"end":{"line":21,"column":null}}]},"2":{"loc":{"start":{"line":22,"column":2},"end":{"line":22,"column":null}},"type":"if","locations":[{"start":{"line":22,"column":2},"end":{"line":22,"column":null}}]}},"s":{"0":14,"1":14,"2":14,"3":14,"4":14,"5":6,"6":0,"7":6,"8":6,"9":6,"10":0,"11":6,"12":14,"13":6,"14":8,"15":0,"16":8,"17":4,"18":3,"19":4,"20":4},"f":{"0":14,"1":6,"2":6,"3":6,"4":0,"5":6,"6":3},"b":{"0":[0],"1":[6],"2":[0]}}
,"C:/Users/rhz19/ITHS/Testning/my-project/frontend/src/pages/Quests.tsx": {"path":"C:/Users/rhz19/ITHS/Testning/my-project/frontend/src/pages/Quests.tsx","statementMap":{"0":{"start":{"line":15,"column":18},"end":{"line":15,"column":null}},"1":{"start":{"line":16,"column":23},"end":{"line":16,"column":null}},"2":{"start":{"line":17,"column":19},"end":{"line":17,"column":null}},"3":{"start":{"line":18,"column":30},"end":{"line":18,"column":null}},"4":{"start":{"line":19,"column":32},"end":{"line":19,"column":null}},"5":{"start":{"line":21,"column":2},"end":{"line":27,"column":null}},"6":{"start":{"line":22,"column":4},"end":{"line":26,"column":null}},"7":{"start":{"line":23,"column":21},"end":{"line":23,"column":31}},"8":{"start":{"line":24,"column":22},"end":{"line":24,"column":37}},"9":{"start":{"line":25,"column":22},"end":{"line":25,"column":40}},"10":{"start":{"line":26,"column":21},"end":{"line":26,"column":38}},"11":{"start":{"line":29,"column":2},"end":{"line":38,"column":null}},"12":{"start":{"line":30,"column":4},"end":{"line":36,"column":null}},"13":{"start":{"line":40,"column":2},"end":{"line":82,"column":null}},"14":{"start":{"line":49,"column":12},"end":{"line":74,"column":null}},"15":{"start":{"line":62,"column":35},"end":{"line":62,"column":null}},"16":{"start":{"line":84,"column":1},"end":{"line":17,"column":31}},"17":{"start":{"line":15,"column":15},"end":{"line":17,"column":31}},"18":{"start":{"line":17,"column":30},"end":{"line":15,"column":15}},"19":{"start":{"line":86,"column":22},"end":{"line":86,"column":null}}},"fnMap":{"0":{"name":"Quests","decl":{"start":{"line":15,"column":9},"end":{"line":15,"column":15}},"loc":{"start":{"line":15,"column":18},"end":{"line":84,"column":1}}},"1":{"name":"(anonymous_1)","decl":{"start":{"line":21,"column":12},"end":{"line":21,"column":18}},"loc":{"start":{"line":21,"column":18},"end":{"line":27,"column":5}}},"2":{"name":"(anonymous_2)","decl":{"start":{"line":23,"column":12},"end":{"line":23,"column":13}},"loc":{"start":{"line":23,"column":21},"end":{"line":23,"column":31}}},"3":{"name":"(anonymous_3)","decl":{"start":{"line":24,"column":12},"end":{"line":24,"column":13}},"loc":{"start":{"line":24,"column":22},"end":{"line":24,"column":37}}},"4":{"name":"(anonymous_4)","decl":{"start":{"line":25,"column":13},"end":{"line":25,"column":14}},"loc":{"start":{"line":25,"column":22},"end":{"line":25,"column":40}}},"5":{"name":"(anonymous_5)","decl":{"start":{"line":26,"column":15},"end":{"line":26,"column":21}},"loc":{"start":{"line":26,"column":21},"end":{"line":26,"column":38}}},"6":{"name":"(anonymous_6)","decl":{"start":{"line":48,"column":21},"end":{"line":48,"column":22}},"loc":{"start":{"line":49,"column":12},"end":{"line":74,"column":null}}},"7":{"name":"(anonymous_7)","decl":{"start":{"line":62,"column":29},"end":{"line":62,"column":35}},"loc":{"start":{"line":62,"column":35},"end":{"line":62,"column":null}}},"8":{"name":"(anonymous_8)","decl":{"start":{"line":15,"column":15},"end":{"line":15,"column":18}},"loc":{"start":{"line":15,"column":15},"end":{"line":17,"column":31}}}},"branchMap":{"0":{"loc":{"start":{"line":29,"column":2},"end":{"line":38,"column":null}},"type":"if","locations":[{"start":{"line":29,"column":2},"end":{"line":38,"column":null}}]},"1":{"loc":{"start":{"line":47,"column":9},"end":{"line":79,"column":null}},"type":"cond-expr","locations":[{"start":{"line":48,"column":10},"end":{"line":75,"column":null}},{"start":{"line":77,"column":10},"end":{"line":79,"column":null}}]}},"s":{"0":4,"1":4,"2":4,"3":4,"4":4,"5":4,"6":2,"7":2,"8":2,"9":0,"10":2,"11":4,"12":2,"13":2,"14":2,"15":1,"16":4,"17":1,"18":4,"19":4},"f":{"0":4,"1":2,"2":2,"3":2,"4":0,"5":2,"6":2,"7":1,"8":1},"b":{"0":[2],"1":[2,0]}}
,"C:/Users/rhz19/ITHS/Testning/my-project/frontend/src/pages/UMLPage.tsx": {"path":"C:/Users/rhz19/ITHS/Testning/my-project/frontend/src/pages/UMLPage.tsx","statementMap":{"0":{"start":{"line":4,"column":26},"end":{"line":49,"column":2}},"1":{"start":{"line":5,"column":22},"end":{"line":5,"column":null}},"2":{"start":{"line":40,"column":2},"end":{"line":47,"column":null}},"3":{"start":{"line":49,"column":2},"end":{"line":4,"column":26}},"4":{"start":{"line":51,"column":23},"end":{"line":51,"column":null}}},"fnMap":{"0":{"name":"(anonymous_0)","decl":{"start":{"line":4,"column":26},"end":{"line":4,"column":32}},"loc":{"start":{"line":4,"column":32},"end":{"line":49,"column":2}}}},"branchMap":{},"s":{"0":4,"1":0,"2":0,"3":4,"4":4},"f":{"0":0},"b":{}}
,"C:/Users/rhz19/ITHS/Testning/my-project/frontend/src/router/Router.tsx": {"path":"C:/Users/rhz19/ITHS/Testning/my-project/frontend/src/router/Router.tsx","statementMap":{"0":{"start":{"line":12,"column":17},"end":{"line":31,"column":null}},"1":{"start":{"line":33,"column":2},"end":{"line":33,"column":null}},"2":{"start":{"line":34,"column":1},"end":{"line":11,"column":18}},"3":{"start":{"line":36,"column":22},"end":{"line":36,"column":null}}},"fnMap":{"0":{"name":"Router","decl":{"start":{"line":11,"column":9},"end":{"line":11,"column":18}},"loc":{"start":{"line":11,"column":18},"end":{"line":34,"column":1}}}},"branchMap":{},"s":{"0":8,"1":8,"2":4,"3":4},"f":{"0":8},"b":{}}
}
