{"total": {"lines":{"total":225,"covered":177,"skipped":0,"pct":78.66},"statements":{"total":249,"covered":193,"skipped":0,"pct":77.51},"functions":{"total":74,"covered":51,"skipped":0,"pct":68.91},"branches":{"total":76,"covered":44,"skipped":0,"pct":57.89},"branchesTrue":{"total":0,"covered":0,"skipped":0,"pct":100}}
,"C:/Users/rhz19/ITHS/Testning/my-project/frontend/src/App.tsx": {"lines":{"total":3,"covered":2,"skipped":0,"pct":66.66},"functions":{"total":1,"covered":0,"skipped":0,"pct":0},"statements":{"total":3,"covered":2,"skipped":0,"pct":66.66},"branches":{"total":0,"covered":0,"skipped":0,"pct":100}}
,"C:/Users/rhz19/ITHS/Testning/my-project/frontend/src/main.tsx": {"lines":{"total":1,"covered":1,"skipped":0,"pct":100},"functions":{"total":0,"covered":0,"skipped":0,"pct":100},"statements":{"total":1,"covered":1,"skipped":0,"pct":100},"branches":{"total":0,"covered":0,"skipped":0,"pct":100}}
,"C:/Users/rhz19/ITHS/Testning/my-project/frontend/src/components/CityPicker.tsx": {"lines":{"total":73,"covered":59,"skipped":0,"pct":80.82},"functions":{"total":23,"covered":15,"skipped":0,"pct":65.21},"statements":{"total":76,"covered":61,"skipped":0,"pct":80.26},"branches":{"total":24,"covered":19,"skipped":0,"pct":79.16}}
,"C:/Users/rhz19/ITHS/Testning/my-project/frontend/src/components/Footer.tsx": {"lines":{"total":3,"covered":3,"skipped":0,"pct":100},"functions":{"total":1,"covered":1,"skipped":0,"pct":100},"statements":{"total":3,"covered":3,"skipped":0,"pct":100},"branches":{"total":0,"covered":0,"skipped":0,"pct":100}}
,"C:/Users/rhz19/ITHS/Testning/my-project/frontend/src/components/Navbar.tsx": {"lines":{"total":7,"covered":5,"skipped":0,"pct":71.42},"functions":{"total":4,"covered":2,"skipped":0,"pct":50},"statements":{"total":9,"covered":7,"skipped":0,"pct":77.77},"branches":{"total":0,"covered":0,"skipped":0,"pct":100}}
,"C:/Users/rhz19/ITHS/Testning/my-project/frontend/src/components/PuzzleCard.tsx": {"lines":{"total":66,"covered":41,"skipped":0,"pct":62.12},"functions":{"total":16,"covered":8,"skipped":0,"pct":50},"statements":{"total":74,"covered":44,"skipped":0,"pct":59.45},"branches":{"total":37,"covered":17,"skipped":0,"pct":45.94}}
,"C:/Users/rhz19/ITHS/Testning/my-project/frontend/src/pages/City.tsx": {"lines":{"total":20,"covered":18,"skipped":0,"pct":90},"functions":{"total":8,"covered":7,"skipped":0,"pct":87.5},"statements":{"total":22,"covered":20,"skipped":0,"pct":90.9},"branches":{"total":9,"covered":5,"skipped":0,"pct":55.55}}
,"C:/Users/rhz19/ITHS/Testning/my-project/frontend/src/pages/Home.tsx": {"lines":{"total":9,"covered":9,"skipped":0,"pct":100},"functions":{"total":3,"covered":3,"skipped":0,"pct":100},"statements":{"total":11,"covered":11,"skipped":0,"pct":100},"branches":{"total":0,"covered":0,"skipped":0,"pct":100}}
,"C:/Users/rhz19/ITHS/Testning/my-project/frontend/src/pages/QuestPage.tsx": {"lines":{"total":16,"covered":15,"skipped":0,"pct":93.75},"functions":{"total":7,"covered":6,"skipped":0,"pct":85.71},"statements":{"total":21,"covered":18,"skipped":0,"pct":85.71},"branches":{"total":3,"covered":1,"skipped":0,"pct":33.33}}
,"C:/Users/rhz19/ITHS/Testning/my-project/frontend/src/pages/Quests.tsx": {"lines":{"total":18,"covered":17,"skipped":0,"pct":94.44},"functions":{"total":9,"covered":8,"skipped":0,"pct":88.88},"statements":{"total":20,"covered":19,"skipped":0,"pct":95},"branches":{"total":3,"covered":2,"skipped":0,"pct":66.66}}
,"C:/Users/rhz19/ITHS/Testning/my-project/frontend/src/pages/UMLPage.tsx": {"lines":{"total":5,"covered":3,"skipped":0,"pct":60},"functions":{"total":1,"covered":0,"skipped":0,"pct":0},"statements":{"total":5,"covered":3,"skipped":0,"pct":60},"branches":{"total":0,"covered":0,"skipped":0,"pct":100}}
,"C:/Users/rhz19/ITHS/Testning/my-project/frontend/src/router/Router.tsx": {"lines":{"total":4,"covered":4,"skipped":0,"pct":100},"functions":{"total":1,"covered":1,"skipped":0,"pct":100},"statements":{"total":4,"covered":4,"skipped":0,"pct":100},"branches":{"total":0,"covered":0,"skipped":0,"pct":100}}
}
