TN:
SF:src\App.tsx
FN:2,App
FNF:1
FNH:0
FNDA:0,App
DA:3,0
DA:4,4
DA:6,4
LF:3
LH:2
BRF:0
BRH:0
end_of_record
TN:
SF:src\main.tsx
FNF:0
FNH:0
DA:7,4
LF:1
LH:1
BRF:0
BRH:0
end_of_record
TN:
SF:src\components\CityPicker.tsx
FN:29,CityPicker
FN:40,(anonymous_1)
FN:42,(anonymous_2)
FN:43,(anonymous_3)
FN:44,(anonymous_4)
FN:47,(anonymous_5)
FN:52,(anonymous_6)
FN:59,(anonymous_7)
FN:66,(anonymous_8)
FN:73,(anonymous_9)
FN:79,(anonymous_10)
FN:85,(anonymous_11)
FN:95,degToRad
FN:99,calculateDistance
FN:120,(anonymous_14)
FN:126,(anonymous_15)
FN:142,(anonymous_16)
FN:240,(anonymous_17)
FN:262,(anonymous_18)
FN:273,(anonymous_19)
FN:274,(anonymous_20)
FN:282,(anonymous_21)
FN:325,(anonymous_22)
FNF:23
FNH:15
FNDA:14,CityPicker
FNDA:4,(anonymous_1)
FNDA:4,(anonymous_2)
FNDA:4,(anonymous_3)
FNDA:0,(anonymous_4)
FNDA:1,(anonymous_5)
FNDA:1,(anonymous_6)
FNDA:0,(anonymous_7)
FNDA:1,(anonymous_8)
FNDA:1,(anonymous_9)
FNDA:5,(anonymous_10)
FNDA:0,(anonymous_11)
FNDA:56,degToRad
FNDA:14,calculateDistance
FNDA:7,(anonymous_14)
FNDA:2,(anonymous_15)
FNDA:6,(anonymous_16)
FNDA:1,(anonymous_17)
FNDA:0,(anonymous_18)
FNDA:0,(anonymous_19)
FNDA:0,(anonymous_20)
FNDA:0,(anonymous_21)
FNDA:0,(anonymous_22)
DA:29,14
DA:30,14
DA:31,14
DA:32,14
DA:33,14
DA:34,14
DA:35,14
DA:36,14
DA:37,14
DA:38,14
DA:40,14
DA:41,4
DA:42,4
DA:43,4
DA:44,0
DA:47,14
DA:48,1
DA:49,1
DA:50,1
DA:51,1
DA:53,1
DA:57,1
DA:60,0
DA:61,0
DA:66,14
DA:67,1
DA:68,1
DA:69,1
DA:70,1
DA:73,14
DA:74,1
DA:75,1
DA:76,1
DA:79,14
DA:80,5
DA:81,0
DA:85,14
DA:86,0
DA:87,0
DA:88,0
DA:89,0
DA:96,56
DA:103,14
DA:104,14
DA:105,14
DA:106,14
DA:107,14
DA:110,14
DA:117,14
DA:120,14
DA:121,7
DA:123,1
DA:124,1
DA:126,1
DA:127,2
DA:132,2
DA:133,1
DA:134,1
DA:138,1
DA:141,14
DA:143,6
DA:147,6
DA:151,6
DA:155,14
DA:241,1
DA:262,0
DA:273,0
DA:275,0
DA:283,0
DA:284,0
DA:325,0
DA:333,4
DA:335,4
LF:73
LH:59
BRDA:48,0,0,0
BRDA:80,1,0,0
BRDA:80,2,0,5
BRDA:80,2,1,1
BRDA:121,3,0,6
BRDA:121,4,0,7
BRDA:121,4,1,1
BRDA:132,5,0,1
BRDA:141,6,0,6
BRDA:141,6,1,8
BRDA:181,7,0,6
BRDA:181,7,1,8
BRDA:201,8,0,6
BRDA:201,8,1,0
BRDA:210,9,0,6
BRDA:210,9,1,4
BRDA:241,10,0,1
BRDA:241,10,1,1
BRDA:257,11,0,6
BRDA:257,11,1,6
BRDA:265,12,0,0
BRDA:265,12,1,6
BRDA:269,13,0,6
BRDA:269,13,1,0
BRF:24
BRH:19
end_of_record
TN:
SF:src\components\Footer.tsx
FN:5,Footer
FNF:1
FNH:1
FNDA:8,Footer
DA:6,8
DA:24,4
DA:26,4
LF:3
LH:3
BRF:0
BRH:0
end_of_record
TN:
SF:src\components\Navbar.tsx
FN:7,Navbar
FN:16,(anonymous_1)
FN:7,(anonymous_2)
FNF:3
FNH:2
FNDA:14,Navbar
FNDA:0,(anonymous_1)
FNDA:4,(anonymous_2)
DA:7,14
DA:8,14
DA:10,14
DA:16,0
DA:23,4
DA:25,4
LF:6
LH:5
BRF:0
BRH:0
end_of_record
TN:
SF:src\components\PuzzleCard.tsx
FN:24,MapClickHandler
FN:32,(anonymous_1)
FN:24,(anonymous_2)
FN:52,PuzzleCard
FN:66,(anonymous_4)
FN:71,(anonymous_5)
FN:72,(anonymous_6)
FN:80,(anonymous_7)
FN:84,(anonymous_8)
FN:93,(anonymous_9)
FN:97,(anonymous_10)
FN:110,(anonymous_11)
FN:117,(anonymous_12)
FN:120,(anonymous_13)
FN:193,(anonymous_14)
FN:211,(anonymous_15)
FNF:16
FNH:13
FNDA:26,MapClickHandler
FNDA:2,(anonymous_1)
FNDA:3,(anonymous_2)
FNDA:36,PuzzleCard
FNDA:8,(anonymous_4)
FNDA:8,(anonymous_5)
FNDA:8,(anonymous_6)
FNDA:0,(anonymous_7)
FNDA:8,(anonymous_8)
FNDA:34,(anonymous_9)
FNDA:2,(anonymous_10)
FNDA:2,(anonymous_11)
FNDA:0,(anonymous_12)
FNDA:0,(anonymous_13)
FNDA:3,(anonymous_14)
FNDA:1,(anonymous_15)
DA:24,3
DA:30,26
DA:31,26
DA:33,2
DA:35,2
DA:36,2
DA:41,2
DA:42,2
DA:44,0
DA:49,26
DA:50,4
DA:52,36
DA:53,36
DA:54,36
DA:55,36
DA:56,36
DA:57,36
DA:58,36
DA:59,36
DA:60,36
DA:61,36
DA:63,36
DA:64,36
DA:66,36
DA:67,8
DA:69,8
DA:70,8
DA:71,8
DA:73,8
DA:74,8
DA:75,8
DA:76,8
DA:77,8
DA:78,8
DA:81,0
DA:82,0
DA:84,8
DA:87,36
DA:88,26
DA:89,26
DA:90,0
DA:92,26
DA:93,34
DA:95,26
DA:97,26
DA:98,2
DA:99,2
DA:100,2
DA:101,2
DA:103,2
DA:104,1
DA:106,1
DA:110,26
DA:111,2
DA:112,2
DA:113,2
DA:114,2
DA:117,26
DA:118,0
DA:119,0
DA:120,0
DA:123,26
DA:193,3
DA:211,1
DA:305,4
DA:307,8
LF:66
LH:59
BRDA:33,0,0,0
BRDA:33,1,0,2
BRDA:33,1,1,2
BRDA:41,2,0,2
BRDA:41,2,1,0
BRDA:67,3,0,0
BRDA:87,4,0,10
BRDA:88,5,0,0
BRDA:89,6,0,0
BRDA:95,7,0,0
BRDA:95,8,0,26
BRDA:95,8,1,0
BRDA:103,9,0,1
BRDA:103,9,1,1
BRDA:151,10,0,26
BRDA:151,10,1,26
BRDA:160,11,0,26
BRDA:160,11,1,4
BRDA:160,11,2,4
BRDA:171,12,0,26
BRDA:171,12,1,16
BRDA:171,12,2,16
BRDA:171,12,3,14
BRDA:171,12,4,14
BRDA:190,13,0,14
BRDA:190,13,1,14
BRDA:190,13,2,14
BRDA:201,14,0,26
BRDA:201,14,1,10
BRDA:216,15,0,26
BRDA:216,15,1,4
BRDA:216,15,2,4
BRDA:216,15,3,4
BRDA:252,16,0,26
BRDA:252,16,1,2
BRDA:282,17,0,26
BRDA:282,17,1,0
BRF:37
BRH:29
end_of_record
TN:
SF:src\pages\City.tsx
FN:15,City
FN:22,(anonymous_1)
FN:24,(anonymous_2)
FN:25,(anonymous_3)
FN:29,(anonymous_4)
FN:33,(anonymous_5)
FN:67,(anonymous_6)
FN:15,(anonymous_7)
FNF:8
FNH:7
FNDA:6,City
FNDA:2,(anonymous_1)
FNDA:2,(anonymous_2)
FNDA:2,(anonymous_3)
FNDA:0,(anonymous_4)
FNDA:2,(anonymous_5)
FNDA:1,(anonymous_6)
FNDA:1,(anonymous_7)
DA:15,6
DA:16,6
DA:17,6
DA:18,6
DA:19,6
DA:20,6
DA:22,6
DA:23,2
DA:24,2
DA:26,2
DA:27,2
DA:30,0
DA:31,0
DA:33,2
DA:36,6
DA:37,2
DA:47,4
DA:67,1
DA:83,4
DA:85,4
LF:20
LH:18
BRDA:26,0,0,2
BRDA:26,0,1,0
BRDA:27,1,0,2
BRDA:27,1,1,0
BRDA:31,2,0,0
BRDA:31,2,1,0
BRDA:36,3,0,2
BRDA:50,4,0,4
BRDA:50,4,1,4
BRF:9
BRH:5
end_of_record
TN:
SF:src\pages\Home.tsx
FN:5,Home
FN:9,(anonymous_1)
FN:5,(anonymous_2)
FNF:3
FNH:3
FNDA:6,Home
FNDA:1,(anonymous_1)
FNDA:2,(anonymous_2)
DA:5,6
DA:6,6
DA:7,6
DA:9,6
DA:10,1
DA:11,1
DA:14,6
DA:19,4
DA:21,4
LF:9
LH:9
BRF:0
BRH:0
end_of_record
TN:
SF:src\pages\QuestPage.tsx
FN:6,QuestPage
FN:11,(anonymous_1)
FN:15,(anonymous_2)
FN:16,(anonymous_3)
FN:17,(anonymous_4)
FN:18,(anonymous_5)
FN:6,(anonymous_6)
FNF:7
FNH:6
FNDA:16,QuestPage
FNDA:6,(anonymous_1)
FNDA:6,(anonymous_2)
FNDA:6,(anonymous_3)
FNDA:0,(anonymous_4)
FNDA:6,(anonymous_5)
FNDA:3,(anonymous_6)
DA:6,16
DA:7,16
DA:8,16
DA:9,16
DA:11,16
DA:12,6
DA:14,6
DA:15,6
DA:16,6
DA:17,0
DA:18,6
DA:21,16
DA:22,10
DA:24,10
DA:29,4
DA:31,4
LF:16
LH:15
BRDA:12,0,0,0
BRDA:21,1,0,6
BRDA:22,2,0,0
BRF:3
BRH:1
end_of_record
TN:
SF:src\pages\Quests.tsx
FN:15,Quests
FN:21,(anonymous_1)
FN:23,(anonymous_2)
FN:24,(anonymous_3)
FN:25,(anonymous_4)
FN:26,(anonymous_5)
FN:48,(anonymous_6)
FN:62,(anonymous_7)
FN:15,(anonymous_8)
FNF:9
FNH:8
FNDA:4,Quests
FNDA:2,(anonymous_1)
FNDA:2,(anonymous_2)
FNDA:2,(anonymous_3)
FNDA:0,(anonymous_4)
FNDA:2,(anonymous_5)
FNDA:2,(anonymous_6)
FNDA:1,(anonymous_7)
FNDA:1,(anonymous_8)
DA:15,4
DA:16,4
DA:17,4
DA:18,4
DA:19,4
DA:21,4
DA:22,2
DA:23,2
DA:24,2
DA:25,0
DA:26,2
DA:29,4
DA:30,2
DA:40,2
DA:49,2
DA:62,1
DA:84,4
DA:86,4
LF:18
LH:17
BRDA:29,0,0,2
BRDA:47,1,0,2
BRDA:47,1,1,0
BRF:3
BRH:2
end_of_record
TN:
SF:src\pages\UMLPage.tsx
FN:4,(anonymous_0)
FNF:1
FNH:0
FNDA:0,(anonymous_0)
DA:4,4
DA:5,0
DA:27,0
DA:38,4
DA:40,4
LF:5
LH:3
BRDA:30,0,0,0
BRDA:30,0,1,0
BRF:2
BRH:0
end_of_record
TN:
SF:src\router\Router.tsx
FN:11,Router
FNF:1
FNH:1
FNDA:8,Router
DA:12,8
DA:33,8
DA:34,4
DA:36,4
LF:4
LH:4
BRF:0
BRH:0
end_of_record
