TN:
SF:src\App.tsx
FN:2,App
FNF:1
FNH:0
FNDA:0,App
DA:3,0
DA:4,3
DA:6,3
LF:3
LH:2
BRF:0
BRH:0
end_of_record
TN:
SF:src\main.tsx
FNF:0
FNH:0
DA:7,3
LF:1
LH:1
BRF:0
BRH:0
end_of_record
TN:
SF:src\components\CityPicker.tsx
FN:29,CityPicker
FN:40,(anonymous_1)
FN:42,(anonymous_2)
FN:43,(anonymous_3)
FN:44,(anonymous_4)
FN:47,(anonymous_5)
FN:52,(anonymous_6)
FN:59,(anonymous_7)
FN:66,(anonymous_8)
FN:73,(anonymous_9)
FN:79,(anonymous_10)
FN:85,(anonymous_11)
FN:95,degToRad
FN:99,calculateDistance
FN:120,(anonymous_14)
FN:126,(anonymous_15)
FN:142,(anonymous_16)
FN:240,(anonymous_17)
FN:262,(anonymous_18)
FN:273,(anonymous_19)
FN:274,(anonymous_20)
FN:282,(anonymous_21)
FN:325,(anonymous_22)
FNF:23
FNH:15
FNDA:18,CityPicker
FNDA:6,(anonymous_1)
FNDA:6,(anonymous_2)
FNDA:6,(anonymous_3)
FNDA:0,(anonymous_4)
FNDA:2,(anonymous_5)
FNDA:2,(anonymous_6)
FNDA:0,(anonymous_7)
FNDA:2,(anonymous_8)
FNDA:1,(anonymous_9)
FNDA:8,(anonymous_10)
FNDA:0,(anonymous_11)
FNDA:56,degToRad
FNDA:14,calculateDistance
FNDA:9,(anonymous_14)
FNDA:2,(anonymous_15)
FNDA:6,(anonymous_16)
FNDA:1,(anonymous_17)
FNDA:0,(anonymous_18)
FNDA:0,(anonymous_19)
FNDA:0,(anonymous_20)
FNDA:0,(anonymous_21)
FNDA:0,(anonymous_22)
DA:29,18
DA:30,18
DA:31,18
DA:32,18
DA:33,18
DA:34,18
DA:35,18
DA:36,18
DA:37,18
DA:38,18
DA:40,18
DA:41,6
DA:42,6
DA:43,6
DA:44,0
DA:47,18
DA:48,2
DA:49,2
DA:50,2
DA:51,2
DA:53,2
DA:57,2
DA:60,0
DA:61,0
DA:66,18
DA:67,2
DA:68,2
DA:69,2
DA:70,2
DA:73,18
DA:74,1
DA:75,1
DA:76,1
DA:79,18
DA:80,8
DA:81,0
DA:85,18
DA:86,0
DA:87,0
DA:88,0
DA:89,0
DA:96,56
DA:103,14
DA:104,14
DA:105,14
DA:106,14
DA:107,14
DA:110,14
DA:117,14
DA:120,18
DA:121,9
DA:123,1
DA:124,1
DA:126,1
DA:127,2
DA:132,2
DA:133,1
DA:134,1
DA:138,1
DA:141,18
DA:143,6
DA:147,6
DA:151,6
DA:155,18
DA:241,1
DA:262,0
DA:273,0
DA:275,0
DA:283,0
DA:284,0
DA:325,0
DA:333,3
DA:335,3
LF:73
LH:59
BRDA:48,0,0,0
BRDA:80,1,0,0
BRDA:80,2,0,8
BRDA:80,2,1,2
BRDA:121,3,0,8
BRDA:121,4,0,9
BRDA:121,4,1,2
BRDA:132,5,0,1
BRDA:141,6,0,8
BRDA:141,6,1,10
BRDA:181,7,0,8
BRDA:181,7,1,10
BRDA:201,8,0,8
BRDA:201,8,1,0
BRDA:210,9,0,8
BRDA:210,9,1,4
BRDA:241,10,0,1
BRDA:241,10,1,1
BRDA:257,11,0,8
BRDA:257,11,1,6
BRDA:265,12,0,0
BRDA:265,12,1,6
BRDA:269,13,0,8
BRDA:269,13,1,0
BRF:24
BRH:19
end_of_record
TN:
SF:src\components\Footer.tsx
FN:5,Footer
FNF:1
FNH:1
FNDA:6,Footer
DA:6,6
DA:23,3
DA:25,3
LF:3
LH:3
BRF:0
BRH:0
end_of_record
TN:
SF:src\components\Navbar.tsx
FN:8,Navbar
FN:17,(anonymous_1)
FN:22,(anonymous_2)
FN:8,(anonymous_3)
FNF:4
FNH:2
FNDA:12,Navbar
FNDA:0,(anonymous_1)
FNDA:0,(anonymous_2)
FNDA:3,(anonymous_3)
DA:8,12
DA:9,12
DA:11,12
DA:17,0
DA:22,0
DA:29,3
DA:31,3
LF:7
LH:5
BRF:0
BRH:0
end_of_record
TN:
SF:src\components\PuzzleCard.tsx
FN:24,MapClickHandler
FN:32,(anonymous_1)
FN:24,(anonymous_2)
FN:52,PuzzleCard
FN:66,(anonymous_4)
FN:71,(anonymous_5)
FN:72,(anonymous_6)
FN:80,(anonymous_7)
FN:84,(anonymous_8)
FN:93,(anonymous_9)
FN:97,(anonymous_10)
FN:110,(anonymous_11)
FN:117,(anonymous_12)
FN:120,(anonymous_13)
FN:193,(anonymous_14)
FN:211,(anonymous_15)
FNF:16
FNH:8
FNDA:2,MapClickHandler
FNDA:0,(anonymous_1)
FNDA:1,(anonymous_2)
FNDA:4,PuzzleCard
FNDA:2,(anonymous_4)
FNDA:2,(anonymous_5)
FNDA:2,(anonymous_6)
FNDA:0,(anonymous_7)
FNDA:2,(anonymous_8)
FNDA:2,(anonymous_9)
FNDA:0,(anonymous_10)
FNDA:0,(anonymous_11)
FNDA:0,(anonymous_12)
FNDA:0,(anonymous_13)
FNDA:0,(anonymous_14)
FNDA:0,(anonymous_15)
DA:24,1
DA:30,2
DA:31,3
DA:33,0
DA:35,0
DA:36,0
DA:41,0
DA:42,0
DA:44,0
DA:49,2
DA:50,3
DA:52,4
DA:53,4
DA:54,4
DA:55,4
DA:56,4
DA:57,4
DA:58,4
DA:59,4
DA:60,4
DA:61,4
DA:63,4
DA:64,4
DA:66,4
DA:67,2
DA:69,2
DA:70,2
DA:71,2
DA:73,2
DA:74,2
DA:75,2
DA:76,2
DA:77,2
DA:78,2
DA:81,0
DA:82,0
DA:84,2
DA:87,4
DA:88,2
DA:89,2
DA:90,0
DA:92,2
DA:93,2
DA:95,2
DA:97,2
DA:98,0
DA:99,0
DA:100,0
DA:101,0
DA:103,0
DA:104,0
DA:106,0
DA:110,2
DA:111,0
DA:112,0
DA:113,0
DA:114,0
DA:117,2
DA:118,0
DA:119,0
DA:120,0
DA:123,2
DA:193,0
DA:211,0
DA:305,3
DA:307,6
LF:66
LH:41
BRDA:33,0,0,0
BRDA:33,1,0,0
BRDA:33,1,1,0
BRDA:41,2,0,0
BRDA:41,2,1,0
BRDA:67,3,0,0
BRDA:87,4,0,2
BRDA:88,5,0,0
BRDA:89,6,0,0
BRDA:95,7,0,0
BRDA:95,8,0,2
BRDA:95,8,1,0
BRDA:103,9,0,0
BRDA:103,9,1,0
BRDA:151,10,0,2
BRDA:151,10,1,2
BRDA:160,11,0,2
BRDA:160,11,1,0
BRDA:160,11,2,0
BRDA:171,12,0,2
BRDA:171,12,1,2
BRDA:171,12,2,2
BRDA:171,12,3,2
BRDA:171,12,4,2
BRDA:190,13,0,2
BRDA:190,13,1,2
BRDA:190,13,2,2
BRDA:201,14,0,2
BRDA:201,14,1,0
BRDA:216,15,0,2
BRDA:216,15,1,0
BRDA:216,15,2,0
BRDA:216,15,3,0
BRDA:252,16,0,2
BRDA:252,16,1,0
BRDA:282,17,0,2
BRDA:282,17,1,0
BRF:37
BRH:17
end_of_record
TN:
SF:src\pages\City.tsx
FN:15,City
FN:22,(anonymous_1)
FN:24,(anonymous_2)
FN:25,(anonymous_3)
FN:29,(anonymous_4)
FN:33,(anonymous_5)
FN:67,(anonymous_6)
FN:15,(anonymous_7)
FNF:8
FNH:7
FNDA:4,City
FNDA:2,(anonymous_1)
FNDA:2,(anonymous_2)
FNDA:2,(anonymous_3)
FNDA:0,(anonymous_4)
FNDA:2,(anonymous_5)
FNDA:1,(anonymous_6)
FNDA:1,(anonymous_7)
DA:15,4
DA:16,4
DA:17,4
DA:18,4
DA:19,4
DA:20,4
DA:22,4
DA:23,2
DA:24,2
DA:26,2
DA:27,2
DA:30,0
DA:31,0
DA:33,2
DA:36,4
DA:37,2
DA:47,2
DA:67,1
DA:83,3
DA:85,3
LF:20
LH:18
BRDA:26,0,0,2
BRDA:26,0,1,0
BRDA:27,1,0,2
BRDA:27,1,1,0
BRDA:31,2,0,0
BRDA:31,2,1,0
BRDA:36,3,0,2
BRDA:50,4,0,2
BRDA:50,4,1,2
BRF:9
BRH:5
end_of_record
TN:
SF:src\pages\Home.tsx
FN:5,Home
FN:9,(anonymous_1)
FN:5,(anonymous_2)
FNF:3
FNH:3
FNDA:8,Home
FNDA:1,(anonymous_1)
FNDA:3,(anonymous_2)
DA:5,8
DA:6,8
DA:7,8
DA:9,8
DA:10,1
DA:11,1
DA:14,8
DA:19,3
DA:21,3
LF:9
LH:9
BRF:0
BRH:0
end_of_record
TN:
SF:src\pages\QuestPage.tsx
FN:6,QuestPage
FN:11,(anonymous_1)
FN:15,(anonymous_2)
FN:16,(anonymous_3)
FN:17,(anonymous_4)
FN:18,(anonymous_5)
FN:6,(anonymous_6)
FNF:7
FNH:6
FNDA:4,QuestPage
FNDA:2,(anonymous_1)
FNDA:2,(anonymous_2)
FNDA:2,(anonymous_3)
FNDA:0,(anonymous_4)
FNDA:2,(anonymous_5)
FNDA:1,(anonymous_6)
DA:6,4
DA:7,4
DA:8,4
DA:9,4
DA:11,4
DA:12,2
DA:14,2
DA:15,2
DA:16,2
DA:17,0
DA:18,2
DA:21,4
DA:22,2
DA:24,2
DA:29,3
DA:31,3
LF:16
LH:15
BRDA:12,0,0,0
BRDA:21,1,0,2
BRDA:22,2,0,0
BRF:3
BRH:1
end_of_record
TN:
SF:src\pages\Quests.tsx
FN:15,Quests
FN:21,(anonymous_1)
FN:23,(anonymous_2)
FN:24,(anonymous_3)
FN:25,(anonymous_4)
FN:26,(anonymous_5)
FN:48,(anonymous_6)
FN:62,(anonymous_7)
FN:15,(anonymous_8)
FNF:9
FNH:8
FNDA:4,Quests
FNDA:2,(anonymous_1)
FNDA:2,(anonymous_2)
FNDA:2,(anonymous_3)
FNDA:0,(anonymous_4)
FNDA:2,(anonymous_5)
FNDA:2,(anonymous_6)
FNDA:1,(anonymous_7)
FNDA:1,(anonymous_8)
DA:15,4
DA:16,4
DA:17,4
DA:18,4
DA:19,4
DA:21,4
DA:22,2
DA:23,2
DA:24,2
DA:25,0
DA:26,2
DA:29,4
DA:30,2
DA:40,2
DA:49,2
DA:62,1
DA:84,3
DA:86,3
LF:18
LH:17
BRDA:29,0,0,2
BRDA:47,1,0,2
BRDA:47,1,1,0
BRF:3
BRH:2
end_of_record
TN:
SF:src\pages\UMLPage.tsx
FN:4,(anonymous_0)
FNF:1
FNH:0
FNDA:0,(anonymous_0)
DA:4,3
DA:5,0
DA:40,0
DA:49,3
DA:51,3
LF:5
LH:3
BRF:0
BRH:0
end_of_record
TN:
SF:src\router\Router.tsx
FN:11,Router
FNF:1
FNH:1
FNDA:6,Router
DA:12,6
DA:33,6
DA:34,3
DA:36,3
LF:4
LH:4
BRF:0
BRH:0
end_of_record
