{
  "C:/Users/rhz19/ITHS/Testning/my-project/frontend/src/components/CityPicker.tsx": {
    "path": "C:/Users/rhz19/ITHS/Testning/my-project/frontend/src/components/CityPicker.tsx",
    "statementMap": {
      "0": {
        "start": {
          "line": 3,
          "column": 20
        },
        "end": {
          "line": 3,
          "column": 97
        }
      },
      "1": {
        "start": {
          "line": 6,
          "column": 0
        },
        "end": {
          "line": 16,
          "column": 1
        }
      },
      "2": {
        "start": {
          "line": 7,
          "column": 2
        },
        "end": {
          "line": 11,
          "column": 3
        }
      },
      "3": {
        "start": {
          "line": 8,
          "column": 4
        },
        "end": {
          "line": 10,
          "column": 6
        }
      },
      "4": {
        "start": {
          "line": 12,
          "column": 2
        },
        "end": {
          "line": 12,
          "column": 39
        }
      },
      "5": {
        "start": {
          "line": 13,
          "column": 2
        },
        "end": {
          "line": 13,
          "column": 39
        }
      },
      "6": {
        "start": {
          "line": 14,
          "column": 2
        },
        "end": {
          "line": 14,
          "column": 135
        }
      },
      "7": {
        "start": {
          "line": 15,
          "column": 2
        },
        "end": {
          "line": 15,
          "column": 75
        }
      },
      "8": {
        "start": {
          "line": 17,
          "column": 9
        },
        "end": {
          "line": 17,
          "column": 23
        }
      },
      "9": {
        "start": {
          "line": 45,
          "column": 2
        },
        "end": {
          "line": 45,
          "column": 7
        }
      },
      "10": {
        "start": {
          "line": 46,
          "column": 30
        },
        "end": {
          "line": 46,
          "column": 42
        }
      },
      "11": {
        "start": {
          "line": 47,
          "column": 42
        },
        "end": {
          "line": 47,
          "column": 54
        }
      },
      "12": {
        "start": {
          "line": 48,
          "column": 24
        },
        "end": {
          "line": 48,
          "column": 63
        }
      },
      "13": {
        "start": {
          "line": 49,
          "column": 38
        },
        "end": {
          "line": 49,
          "column": 72
        }
      },
      "14": {
        "start": {
          "line": 50,
          "column": 26
        },
        "end": {
          "line": 50,
          "column": 58
        }
      },
      "15": {
        "start": {
          "line": 51,
          "column": 30
        },
        "end": {
          "line": 51,
          "column": 44
        }
      },
      "16": {
        "start": {
          "line": 52,
          "column": 32
        },
        "end": {
          "line": 52,
          "column": 47
        }
      },
      "17": {
        "start": {
          "line": 53,
          "column": 40
        },
        "end": {
          "line": 53,
          "column": 54
        }
      },
      "18": {
        "start": {
          "line": 54,
          "column": 38
        },
        "end": {
          "line": 54,
          "column": 53
        }
      },
      "19": {
        "start": {
          "line": 55,
          "column": 2
        },
        "end": {
          "line": 57,
          "column": 9
        }
      },
      "20": {
        "start": {
          "line": 56,
          "column": 4
        },
        "end": {
          "line": 56,
          "column": 159
        }
      },
      "21": {
        "start": {
          "line": 56,
          "column": 56
        },
        "end": {
          "line": 56,
          "column": 66
        }
      },
      "22": {
        "start": {
          "line": 56,
          "column": 83
        },
        "end": {
          "line": 56,
          "column": 98
        }
      },
      "23": {
        "start": {
          "line": 56,
          "column": 115
        },
        "end": {
          "line": 56,
          "column": 157
        }
      },
      "24": {
        "start": {
          "line": 58,
          "column": 29
        },
        "end": {
          "line": 75,
          "column": 3
        }
      },
      "25": {
        "start": {
          "line": 59,
          "column": 4
        },
        "end": {
          "line": 59,
          "column": 39
        }
      },
      "26": {
        "start": {
          "line": 59,
          "column": 32
        },
        "end": {
          "line": 59,
          "column": 39
        }
      },
      "27": {
        "start": {
          "line": 60,
          "column": 4
        },
        "end": {
          "line": 60,
          "column": 21
        }
      },
      "28": {
        "start": {
          "line": 61,
          "column": 4
        },
        "end": {
          "line": 61,
          "column": 20
        }
      },
      "29": {
        "start": {
          "line": 62,
          "column": 4
        },
        "end": {
          "line": 74,
          "column": 6
        }
      },
      "30": {
        "start": {
          "line": 64,
          "column": 8
        },
        "end": {
          "line": 67,
          "column": 11
        }
      },
      "31": {
        "start": {
          "line": 68,
          "column": 8
        },
        "end": {
          "line": 68,
          "column": 26
        }
      },
      "32": {
        "start": {
          "line": 71,
          "column": 8
        },
        "end": {
          "line": 71,
          "column": 27
        }
      },
      "33": {
        "start": {
          "line": 72,
          "column": 8
        },
        "end": {
          "line": 72,
          "column": 26
        }
      },
      "34": {
        "start": {
          "line": 76,
          "column": 22
        },
        "end": {
          "line": 81,
          "column": 3
        }
      },
      "35": {
        "start": {
          "line": 77,
          "column": 4
        },
        "end": {
          "line": 77,
          "column": 24
        }
      },
      "36": {
        "start": {
          "line": 78,
          "column": 4
        },
        "end": {
          "line": 78,
          "column": 19
        }
      },
      "37": {
        "start": {
          "line": 79,
          "column": 4
        },
        "end": {
          "line": 79,
          "column": 52
        }
      },
      "38": {
        "start": {
          "line": 80,
          "column": 4
        },
        "end": {
          "line": 80,
          "column": 25
        }
      },
      "39": {
        "start": {
          "line": 82,
          "column": 23
        },
        "end": {
          "line": 86,
          "column": 3
        }
      },
      "40": {
        "start": {
          "line": 83,
          "column": 4
        },
        "end": {
          "line": 83,
          "column": 25
        }
      },
      "41": {
        "start": {
          "line": 84,
          "column": 4
        },
        "end": {
          "line": 84,
          "column": 19
        }
      },
      "42": {
        "start": {
          "line": 85,
          "column": 4
        },
        "end": {
          "line": 85,
          "column": 53
        }
      },
      "43": {
        "start": {
          "line": 87,
          "column": 2
        },
        "end": {
          "line": 91,
          "column": 19
        }
      },
      "44": {
        "start": {
          "line": 88,
          "column": 4
        },
        "end": {
          "line": 90,
          "column": 5
        }
      },
      "45": {
        "start": {
          "line": 89,
          "column": 6
        },
        "end": {
          "line": 89,
          "column": 27
        }
      },
      "46": {
        "start": {
          "line": 92,
          "column": 23
        },
        "end": {
          "line": 97,
          "column": 3
        }
      },
      "47": {
        "start": {
          "line": 93,
          "column": 4
        },
        "end": {
          "line": 93,
          "column": 47
        }
      },
      "48": {
        "start": {
          "line": 94,
          "column": 4
        },
        "end": {
          "line": 94,
          "column": 25
        }
      },
      "49": {
        "start": {
          "line": 95,
          "column": 4
        },
        "end": {
          "line": 95,
          "column": 20
        }
      },
      "50": {
        "start": {
          "line": 96,
          "column": 4
        },
        "end": {
          "line": 96,
          "column": 18
        }
      },
      "51": {
        "start": {
          "line": 99,
          "column": 4
        },
        "end": {
          "line": 99,
          "column": 31
        }
      },
      "52": {
        "start": {
          "line": 102,
          "column": 24
        },
        "end": {
          "line": 102,
          "column": 54
        }
      },
      "53": {
        "start": {
          "line": 103,
          "column": 25
        },
        "end": {
          "line": 103,
          "column": 56
        }
      },
      "54": {
        "start": {
          "line": 104,
          "column": 27
        },
        "end": {
          "line": 104,
          "column": 56
        }
      },
      "55": {
        "start": {
          "line": 105,
          "column": 28
        },
        "end": {
          "line": 105,
          "column": 58
        }
      },
      "56": {
        "start": {
          "line": 106,
          "column": 19
        },
        "end": {
          "line": 106,
          "column": 23
        }
      },
      "57": {
        "start": {
          "line": 107,
          "column": 21
        },
        "end": {
          "line": 109,
          "column": 14
        }
      },
      "58": {
        "start": {
          "line": 110,
          "column": 4
        },
        "end": {
          "line": 110,
          "column": 20
        }
      },
      "59": {
        "start": {
          "line": 112,
          "column": 2
        },
        "end": {
          "line": 127,
          "column": 23
        }
      },
      "60": {
        "start": {
          "line": 113,
          "column": 4
        },
        "end": {
          "line": 113,
          "column": 47
        }
      },
      "61": {
        "start": {
          "line": 113,
          "column": 40
        },
        "end": {
          "line": 113,
          "column": 47
        }
      },
      "62": {
        "start": {
          "line": 114,
          "column": 22
        },
        "end": {
          "line": 114,
          "column": 30
        }
      },
      "63": {
        "start": {
          "line": 115,
          "column": 18
        },
        "end": {
          "line": 115,
          "column": 22
        }
      },
      "64": {
        "start": {
          "line": 116,
          "column": 4
        },
        "end": {
          "line": 125,
          "column": 7
        }
      },
      "65": {
        "start": {
          "line": 117,
          "column": 23
        },
        "end": {
          "line": 120,
          "column": 7
        }
      },
      "66": {
        "start": {
          "line": 121,
          "column": 6
        },
        "end": {
          "line": 124,
          "column": 7
        }
      },
      "67": {
        "start": {
          "line": 122,
          "column": 8
        },
        "end": {
          "line": 122,
          "column": 31
        }
      },
      "68": {
        "start": {
          "line": 123,
          "column": 8
        },
        "end": {
          "line": 123,
          "column": 23
        }
      },
      "69": {
        "start": {
          "line": 126,
          "column": 4
        },
        "end": {
          "line": 126,
          "column": 28
        }
      },
      "70": {
        "start": {
          "line": 128,
          "column": 23
        },
        "end": {
          "line": 138,
          "column": 13
        }
      },
      "71": {
        "start": {
          "line": 129,
          "column": 22
        },
        "end": {
          "line": 132,
          "column": 5
        }
      },
      "72": {
        "start": {
          "line": 133,
          "column": 22
        },
        "end": {
          "line": 136,
          "column": 5
        }
      },
      "73": {
        "start": {
          "line": 137,
          "column": 4
        },
        "end": {
          "line": 137,
          "column": 33
        }
      },
      "74": {
        "start": {
          "line": 139,
          "column": 2
        },
        "end": {
          "line": 518,
          "column": 11
        }
      },
      "75": {
        "start": {
          "line": 323,
          "column": 29
        },
        "end": {
          "line": 323,
          "column": 80
        }
      },
      "76": {
        "start": {
          "line": 360,
          "column": 25
        },
        "end": {
          "line": 360,
          "column": 51
        }
      },
      "77": {
        "start": {
          "line": 377,
          "column": 203
        },
        "end": {
          "line": 377,
          "column": 230
        }
      },
      "78": {
        "start": {
          "line": 378,
          "column": 34
        },
        "end": {
          "line": 453,
          "column": 9
        }
      },
      "79": {
        "start": {
          "line": 388,
          "column": 18
        },
        "end": {
          "line": 388,
          "column": 45
        }
      },
      "80": {
        "start": {
          "line": 389,
          "column": 18
        },
        "end": {
          "line": 389,
          "column": 42
        }
      },
      "81": {
        "start": {
          "line": 497,
          "column": 25
        },
        "end": {
          "line": 497,
          "column": 38
        }
      },
      "82": {
        "start": {
          "line": 520,
          "column": 0
        },
        "end": {
          "line": 520,
          "column": 47
        }
      },
      "83": {
        "start": {
          "line": 521,
          "column": 0
        },
        "end": {
          "line": 521,
          "column": 16
        }
      },
      "84": {
        "start": {
          "line": 524,
          "column": 0
        },
        "end": {
          "line": 524,
          "column": 31
        }
      },
      "85": {
        "start": {
          "line": 525,
          "column": 0
        },
        "end": {
          "line": 528,
          "column": 1
        }
      },
      "86": {
        "start": {
          "line": 526,
          "column": 2
        },
        "end": {
          "line": 526,
          "column": 39
        }
      },
      "87": {
        "start": {
          "line": 527,
          "column": 2
        },
        "end": {
          "line": 527,
          "column": 39
        }
      },
      "88": {
        "start": {
          "line": 529,
          "column": 0
        },
        "end": {
          "line": 538,
          "column": 1
        }
      },
      "89": {
        "start": {
          "line": 530,
          "column": 2
        },
        "end": {
          "line": 537,
          "column": 5
        }
      },
      "90": {
        "start": {
          "line": 531,
          "column": 4
        },
        "end": {
          "line": 531,
          "column": 148
        }
      },
      "91": {
        "start": {
          "line": 532,
          "column": 4
        },
        "end": {
          "line": 536,
          "column": 7
        }
      },
      "92": {
        "start": {
          "line": 533,
          "column": 6
        },
        "end": {
          "line": 533,
          "column": 31
        }
      },
      "93": {
        "start": {
          "line": 533,
          "column": 24
        },
        "end": {
          "line": 533,
          "column": 31
        }
      },
      "94": {
        "start": {
          "line": 534,
          "column": 32
        },
        "end": {
          "line": 534,
          "column": 197
        }
      },
      "95": {
        "start": {
          "line": 535,
          "column": 6
        },
        "end": {
          "line": 535,
          "column": 75
        }
      },
      "96": {
        "start": {
          "line": 535,
          "column": 29
        },
        "end": {
          "line": 535,
          "column": 75
        }
      }
    },
    "fnMap": {
      "0": {
        "name": "CityPicker",
        "decl": {
          "start": {
            "line": 44,
            "column": 9
          },
          "end": {
            "line": 44,
            "column": 19
          }
        },
        "loc": {
          "start": {
            "line": 44,
            "column": 38
          },
          "end": {
            "line": 519,
            "column": 1
          }
        },
        "line": 44
      },
      "1": {
        "name": "(anonymous_1)",
        "decl": {
          "start": {
            "line": 55,
            "column": 12
          },
          "end": {
            "line": 55,
            "column": 13
          }
        },
        "loc": {
          "start": {
            "line": 55,
            "column": 18
          },
          "end": {
            "line": 57,
            "column": 3
          }
        },
        "line": 55
      },
      "2": {
        "name": "(anonymous_2)",
        "decl": {
          "start": {
            "line": 56,
            "column": 47
          },
          "end": {
            "line": 56,
            "column": 48
          }
        },
        "loc": {
          "start": {
            "line": 56,
            "column": 56
          },
          "end": {
            "line": 56,
            "column": 66
          }
        },
        "line": 56
      },
      "3": {
        "name": "(anonymous_3)",
        "decl": {
          "start": {
            "line": 56,
            "column": 73
          },
          "end": {
            "line": 56,
            "column": 74
          }
        },
        "loc": {
          "start": {
            "line": 56,
            "column": 83
          },
          "end": {
            "line": 56,
            "column": 98
          }
        },
        "line": 56
      },
      "4": {
        "name": "(anonymous_4)",
        "decl": {
          "start": {
            "line": 56,
            "column": 106
          },
          "end": {
            "line": 56,
            "column": 107
          }
        },
        "loc": {
          "start": {
            "line": 56,
            "column": 115
          },
          "end": {
            "line": 56,
            "column": 157
          }
        },
        "line": 56
      },
      "5": {
        "name": "(anonymous_5)",
        "decl": {
          "start": {
            "line": 58,
            "column": 29
          },
          "end": {
            "line": 58,
            "column": 30
          }
        },
        "loc": {
          "start": {
            "line": 58,
            "column": 35
          },
          "end": {
            "line": 75,
            "column": 3
          }
        },
        "line": 58
      },
      "6": {
        "name": "(anonymous_6)",
        "decl": {
          "start": {
            "line": 63,
            "column": 6
          },
          "end": {
            "line": 63,
            "column": 7
          }
        },
        "loc": {
          "start": {
            "line": 63,
            "column": 20
          },
          "end": {
            "line": 69,
            "column": 7
          }
        },
        "line": 63
      },
      "7": {
        "name": "(anonymous_7)",
        "decl": {
          "start": {
            "line": 70,
            "column": 6
          },
          "end": {
            "line": 70,
            "column": 7
          }
        },
        "loc": {
          "start": {
            "line": 70,
            "column": 15
          },
          "end": {
            "line": 73,
            "column": 7
          }
        },
        "line": 70
      },
      "8": {
        "name": "(anonymous_8)",
        "decl": {
          "start": {
            "line": 76,
            "column": 22
          },
          "end": {
            "line": 76,
            "column": 23
          }
        },
        "loc": {
          "start": {
            "line": 76,
            "column": 28
          },
          "end": {
            "line": 81,
            "column": 3
          }
        },
        "line": 76
      },
      "9": {
        "name": "(anonymous_9)",
        "decl": {
          "start": {
            "line": 82,
            "column": 23
          },
          "end": {
            "line": 82,
            "column": 24
          }
        },
        "loc": {
          "start": {
            "line": 82,
            "column": 29
          },
          "end": {
            "line": 86,
            "column": 3
          }
        },
        "line": 82
      },
      "10": {
        "name": "(anonymous_10)",
        "decl": {
          "start": {
            "line": 87,
            "column": 12
          },
          "end": {
            "line": 87,
            "column": 13
          }
        },
        "loc": {
          "start": {
            "line": 87,
            "column": 18
          },
          "end": {
            "line": 91,
            "column": 3
          }
        },
        "line": 87
      },
      "11": {
        "name": "(anonymous_11)",
        "decl": {
          "start": {
            "line": 92,
            "column": 23
          },
          "end": {
            "line": 92,
            "column": 24
          }
        },
        "loc": {
          "start": {
            "line": 92,
            "column": 29
          },
          "end": {
            "line": 97,
            "column": 3
          }
        },
        "line": 92
      },
      "12": {
        "name": "degToRad",
        "decl": {
          "start": {
            "line": 98,
            "column": 11
          },
          "end": {
            "line": 98,
            "column": 19
          }
        },
        "loc": {
          "start": {
            "line": 98,
            "column": 25
          },
          "end": {
            "line": 100,
            "column": 3
          }
        },
        "line": 98
      },
      "13": {
        "name": "calculateDistance",
        "decl": {
          "start": {
            "line": 101,
            "column": 11
          },
          "end": {
            "line": 101,
            "column": 28
          }
        },
        "loc": {
          "start": {
            "line": 101,
            "column": 54
          },
          "end": {
            "line": 111,
            "column": 3
          }
        },
        "line": 101
      },
      "14": {
        "name": "(anonymous_14)",
        "decl": {
          "start": {
            "line": 112,
            "column": 12
          },
          "end": {
            "line": 112,
            "column": 13
          }
        },
        "loc": {
          "start": {
            "line": 112,
            "column": 18
          },
          "end": {
            "line": 127,
            "column": 3
          }
        },
        "line": 112
      },
      "15": {
        "name": "(anonymous_15)",
        "decl": {
          "start": {
            "line": 116,
            "column": 19
          },
          "end": {
            "line": 116,
            "column": 20
          }
        },
        "loc": {
          "start": {
            "line": 116,
            "column": 29
          },
          "end": {
            "line": 125,
            "column": 5
          }
        },
        "line": 116
      },
      "16": {
        "name": "(anonymous_16)",
        "decl": {
          "start": {
            "line": 128,
            "column": 49
          },
          "end": {
            "line": 128,
            "column": 50
          }
        },
        "loc": {
          "start": {
            "line": 128,
            "column": 59
          },
          "end": {
            "line": 138,
            "column": 3
          }
        },
        "line": 128
      },
      "17": {
        "name": "(anonymous_17)",
        "decl": {
          "start": {
            "line": 323,
            "column": 23
          },
          "end": {
            "line": 323,
            "column": 24
          }
        },
        "loc": {
          "start": {
            "line": 323,
            "column": 29
          },
          "end": {
            "line": 323,
            "column": 80
          }
        },
        "line": 323
      },
      "18": {
        "name": "(anonymous_18)",
        "decl": {
          "start": {
            "line": 360,
            "column": 19
          },
          "end": {
            "line": 360,
            "column": 20
          }
        },
        "loc": {
          "start": {
            "line": 360,
            "column": 25
          },
          "end": {
            "line": 360,
            "column": 51
          }
        },
        "line": 360
      },
      "19": {
        "name": "(anonymous_19)",
        "decl": {
          "start": {
            "line": 377,
            "column": 193
          },
          "end": {
            "line": 377,
            "column": 194
          }
        },
        "loc": {
          "start": {
            "line": 377,
            "column": 203
          },
          "end": {
            "line": 377,
            "column": 230
          }
        },
        "line": 377
      },
      "20": {
        "name": "(anonymous_20)",
        "decl": {
          "start": {
            "line": 378,
            "column": 8
          },
          "end": {
            "line": 378,
            "column": 9
          }
        },
        "loc": {
          "start": {
            "line": 378,
            "column": 34
          },
          "end": {
            "line": 453,
            "column": 9
          }
        },
        "line": 378
      },
      "21": {
        "name": "(anonymous_21)",
        "decl": {
          "start": {
            "line": 387,
            "column": 25
          },
          "end": {
            "line": 387,
            "column": 26
          }
        },
        "loc": {
          "start": {
            "line": 387,
            "column": 31
          },
          "end": {
            "line": 390,
            "column": 17
          }
        },
        "line": 387
      },
      "22": {
        "name": "(anonymous_22)",
        "decl": {
          "start": {
            "line": 497,
            "column": 19
          },
          "end": {
            "line": 497,
            "column": 20
          }
        },
        "loc": {
          "start": {
            "line": 497,
            "column": 25
          },
          "end": {
            "line": 497,
            "column": 38
          }
        },
        "line": 497
      },
      "23": {
        "name": "(anonymous_23)",
        "decl": {
          "start": {
            "line": 530,
            "column": 52
          },
          "end": {
            "line": 530,
            "column": 53
          }
        },
        "loc": {
          "start": {
            "line": 530,
            "column": 72
          },
          "end": {
            "line": 537,
            "column": 3
          }
        },
        "line": 530
      },
      "24": {
        "name": "(anonymous_24)",
        "decl": {
          "start": {
            "line": 532,
            "column": 27
          },
          "end": {
            "line": 532,
            "column": 28
          }
        },
        "loc": {
          "start": {
            "line": 532,
            "column": 44
          },
          "end": {
            "line": 536,
            "column": 5
          }
        },
        "line": 532
      }
    },
    "branchMap": {
      "0": {
        "loc": {
          "start": {
            "line": 3,
            "column": 20
          },
          "end": {
            "line": 3,
            "column": 97
          }
        },
        "type": "binary-expr",
        "locations": [
          {
            "start": {
              "line": 3,
              "column": 20
            },
            "end": {
              "line": 3,
              "column": 60
            }
          },
          {
            "start": {
              "line": 3,
              "column": 64
            },
            "end": {
              "line": 3,
              "column": 97
            }
          }
        ],
        "line": 3
      },
      "1": {
        "loc": {
          "start": {
            "line": 6,
            "column": 0
          },
          "end": {
            "line": 16,
            "column": 1
          }
        },
        "type": "if",
        "locations": [
          {
            "start": {
              "line": 6,
              "column": 0
            },
            "end": {
              "line": 16,
              "column": 1
            }
          },
          {
            "start": {},
            "end": {}
          }
        ],
        "line": 6
      },
      "2": {
        "loc": {
          "start": {
            "line": 6,
            "column": 4
          },
          "end": {
            "line": 6,
            "column": 35
          }
        },
        "type": "binary-expr",
        "locations": [
          {
            "start": {
              "line": 6,
              "column": 4
            },
            "end": {
              "line": 6,
              "column": 19
            }
          },
          {
            "start": {
              "line": 6,
              "column": 23
            },
            "end": {
              "line": 6,
              "column": 35
            }
          }
        ],
        "line": 6
      },
      "3": {
        "loc": {
          "start": {
            "line": 7,
            "column": 2
          },
          "end": {
            "line": 11,
            "column": 3
          }
        },
        "type": "if",
        "locations": [
          {
            "start": {
              "line": 7,
              "column": 2
            },
            "end": {
              "line": 11,
              "column": 3
            }
          },
          {
            "start": {},
            "end": {}
          }
        ],
        "line": 7
      },
      "4": {
        "loc": {
          "start": {
            "line": 59,
            "column": 4
          },
          "end": {
            "line": 59,
            "column": 39
          }
        },
        "type": "if",
        "locations": [
          {
            "start": {
              "line": 59,
              "column": 4
            },
            "end": {
              "line": 59,
              "column": 39
            }
          },
          {
            "start": {},
            "end": {}
          }
        ],
        "line": 59
      },
      "5": {
        "loc": {
          "start": {
            "line": 88,
            "column": 4
          },
          "end": {
            "line": 90,
            "column": 5
          }
        },
        "type": "if",
        "locations": [
          {
            "start": {
              "line": 88,
              "column": 4
            },
            "end": {
              "line": 90,
              "column": 5
            }
          },
          {
            "start": {},
            "end": {}
          }
        ],
        "line": 88
      },
      "6": {
        "loc": {
          "start": {
            "line": 88,
            "column": 8
          },
          "end": {
            "line": 88,
            "column": 29
          }
        },
        "type": "binary-expr",
        "locations": [
          {
            "start": {
              "line": 88,
              "column": 8
            },
            "end": {
              "line": 88,
              "column": 18
            }
          },
          {
            "start": {
              "line": 88,
              "column": 22
            },
            "end": {
              "line": 88,
              "column": 29
            }
          }
        ],
        "line": 88
      },
      "7": {
        "loc": {
          "start": {
            "line": 113,
            "column": 4
          },
          "end": {
            "line": 113,
            "column": 47
          }
        },
        "type": "if",
        "locations": [
          {
            "start": {
              "line": 113,
              "column": 4
            },
            "end": {
              "line": 113,
              "column": 47
            }
          },
          {
            "start": {},
            "end": {}
          }
        ],
        "line": 113
      },
      "8": {
        "loc": {
          "start": {
            "line": 113,
            "column": 8
          },
          "end": {
            "line": 113,
            "column": 38
          }
        },
        "type": "binary-expr",
        "locations": [
          {
            "start": {
              "line": 113,
              "column": 8
            },
            "end": {
              "line": 113,
              "column": 15
            }
          },
          {
            "start": {
              "line": 113,
              "column": 19
            },
            "end": {
              "line": 113,
              "column": 38
            }
          }
        ],
        "line": 113
      },
      "9": {
        "loc": {
          "start": {
            "line": 121,
            "column": 6
          },
          "end": {
            "line": 124,
            "column": 7
          }
        },
        "type": "if",
        "locations": [
          {
            "start": {
              "line": 121,
              "column": 6
            },
            "end": {
              "line": 124,
              "column": 7
            }
          },
          {
            "start": {},
            "end": {}
          }
        ],
        "line": 121
      },
      "10": {
        "loc": {
          "start": {
            "line": 128,
            "column": 23
          },
          "end": {
            "line": 138,
            "column": 13
          }
        },
        "type": "cond-expr",
        "locations": [
          {
            "start": {
              "line": 128,
              "column": 32
            },
            "end": {
              "line": 138,
              "column": 4
            }
          },
          {
            "start": {
              "line": 138,
              "column": 7
            },
            "end": {
              "line": 138,
              "column": 13
            }
          }
        ],
        "line": 128
      },
      "11": {
        "loc": {
          "start": {
            "line": 195,
            "column": 4
          },
          "end": {
            "line": 513,
            "column": 12
          }
        },
        "type": "cond-expr",
        "locations": [
          {
            "start": {
              "line": 195,
              "column": 33
            },
            "end": {
              "line": 467,
              "column": 12
            }
          },
          {
            "start": {
              "line": 467,
              "column": 31
            },
            "end": {
              "line": 513,
              "column": 12
            }
          }
        ],
        "line": 195
      },
      "12": {
        "loc": {
          "start": {
            "line": 241,
            "column": 6
          },
          "end": {
            "line": 256,
            "column": 14
          }
        },
        "type": "binary-expr",
        "locations": [
          {
            "start": {
              "line": 241,
              "column": 6
            },
            "end": {
              "line": 241,
              "column": 13
            }
          },
          {
            "start": {
              "line": 241,
              "column": 33
            },
            "end": {
              "line": 256,
              "column": 14
            }
          }
        ],
        "line": 241
      },
      "13": {
        "loc": {
          "start": {
            "line": 257,
            "column": 6
          },
          "end": {
            "line": 354,
            "column": 14
          }
        },
        "type": "binary-expr",
        "locations": [
          {
            "start": {
              "line": 257,
              "column": 6
            },
            "end": {
              "line": 257,
              "column": 17
            }
          },
          {
            "start": {
              "line": 257,
              "column": 37
            },
            "end": {
              "line": 354,
              "column": 14
            }
          }
        ],
        "line": 257
      },
      "14": {
        "loc": {
          "start": {
            "line": 323,
            "column": 29
          },
          "end": {
            "line": 323,
            "column": 80
          }
        },
        "type": "binary-expr",
        "locations": [
          {
            "start": {
              "line": 323,
              "column": 29
            },
            "end": {
              "line": 323,
              "column": 46
            }
          },
          {
            "start": {
              "line": 323,
              "column": 50
            },
            "end": {
              "line": 323,
              "column": 80
            }
          }
        ],
        "line": 323
      },
      "15": {
        "loc": {
          "start": {
            "line": 355,
            "column": 6
          },
          "end": {
            "line": 376,
            "column": 14
          }
        },
        "type": "binary-expr",
        "locations": [
          {
            "start": {
              "line": 355,
              "column": 6
            },
            "end": {
              "line": 355,
              "column": 23
            }
          },
          {
            "start": {
              "line": 355,
              "column": 43
            },
            "end": {
              "line": 376,
              "column": 14
            }
          }
        ],
        "line": 355
      },
      "16": {
        "loc": {
          "start": {
            "line": 362,
            "column": 20
          },
          "end": {
            "line": 362,
            "column": 74
          }
        },
        "type": "cond-expr",
        "locations": [
          {
            "start": {
              "line": 362,
              "column": 33
            },
            "end": {
              "line": 362,
              "column": 52
            }
          },
          {
            "start": {
              "line": 362,
              "column": 55
            },
            "end": {
              "line": 362,
              "column": 74
            }
          }
        ],
        "line": 362
      },
      "17": {
        "loc": {
          "start": {
            "line": 377,
            "column": 6
          },
          "end": {
            "line": 462,
            "column": 14
          }
        },
        "type": "binary-expr",
        "locations": [
          {
            "start": {
              "line": 377,
              "column": 6
            },
            "end": {
              "line": 377,
              "column": 16
            }
          },
          {
            "start": {
              "line": 377,
              "column": 36
            },
            "end": {
              "line": 462,
              "column": 14
            }
          }
        ],
        "line": 377
      },
      "18": {
        "loc": {
          "start": {
            "line": 525,
            "column": 0
          },
          "end": {
            "line": 528,
            "column": 1
          }
        },
        "type": "if",
        "locations": [
          {
            "start": {
              "line": 525,
              "column": 0
            },
            "end": {
              "line": 528,
              "column": 1
            }
          },
          {
            "start": {},
            "end": {}
          }
        ],
        "line": 525
      },
      "19": {
        "loc": {
          "start": {
            "line": 525,
            "column": 4
          },
          "end": {
            "line": 525,
            "column": 35
          }
        },
        "type": "binary-expr",
        "locations": [
          {
            "start": {
              "line": 525,
              "column": 4
            },
            "end": {
              "line": 525,
              "column": 19
            }
          },
          {
            "start": {
              "line": 525,
              "column": 23
            },
            "end": {
              "line": 525,
              "column": 35
            }
          }
        ],
        "line": 525
      },
      "20": {
        "loc": {
          "start": {
            "line": 529,
            "column": 0
          },
          "end": {
            "line": 538,
            "column": 1
          }
        },
        "type": "if",
        "locations": [
          {
            "start": {
              "line": 529,
              "column": 0
            },
            "end": {
              "line": 538,
              "column": 1
            }
          },
          {
            "start": {},
            "end": {}
          }
        ],
        "line": 529
      },
      "21": {
        "loc": {
          "start": {
            "line": 529,
            "column": 4
          },
          "end": {
            "line": 529,
            "column": 35
          }
        },
        "type": "binary-expr",
        "locations": [
          {
            "start": {
              "line": 529,
              "column": 4
            },
            "end": {
              "line": 529,
              "column": 19
            }
          },
          {
            "start": {
              "line": 529,
              "column": 23
            },
            "end": {
              "line": 529,
              "column": 35
            }
          }
        ],
        "line": 529
      },
      "22": {
        "loc": {
          "start": {
            "line": 533,
            "column": 6
          },
          "end": {
            "line": 533,
            "column": 31
          }
        },
        "type": "if",
        "locations": [
          {
            "start": {
              "line": 533,
              "column": 6
            },
            "end": {
              "line": 533,
              "column": 31
            }
          },
          {
            "start": {},
            "end": {}
          }
        ],
        "line": 533
      },
      "23": {
        "loc": {
          "start": {
            "line": 535,
            "column": 6
          },
          "end": {
            "line": 535,
            "column": 75
          }
        },
        "type": "if",
        "locations": [
          {
            "start": {
              "line": 535,
              "column": 6
            },
            "end": {
              "line": 535,
              "column": 75
            }
          },
          {
            "start": {},
            "end": {}
          }
        ],
        "line": 535
      }
    },
    "s": {
      "0": 4,
      "1": 4,
      "2": 4,
      "3": 0,
      "4": 4,
      "5": 4,
      "6": 4,
      "7": 4,
      "8": 4,
      "9": 14,
      "10": 14,
      "11": 14,
      "12": 14,
      "13": 14,
      "14": 14,
      "15": 14,
      "16": 14,
      "17": 14,
      "18": 14,
      "19": 14,
      "20": 4,
      "21": 4,
      "22": 4,
      "23": 0,
      "24": 14,
      "25": 1,
      "26": 0,
      "27": 1,
      "28": 1,
      "29": 1,
      "30": 1,
      "31": 1,
      "32": 0,
      "33": 0,
      "34": 14,
      "35": 1,
      "36": 1,
      "37": 1,
      "38": 1,
      "39": 14,
      "40": 1,
      "41": 1,
      "42": 1,
      "43": 14,
      "44": 5,
      "45": 0,
      "46": 14,
      "47": 0,
      "48": 0,
      "49": 0,
      "50": 0,
      "51": 56,
      "52": 14,
      "53": 14,
      "54": 14,
      "55": 14,
      "56": 14,
      "57": 14,
      "58": 14,
      "59": 14,
      "60": 7,
      "61": 6,
      "62": 1,
      "63": 1,
      "64": 1,
      "65": 2,
      "66": 2,
      "67": 1,
      "68": 1,
      "69": 1,
      "70": 14,
      "71": 6,
      "72": 6,
      "73": 6,
      "74": 14,
      "75": 1,
      "76": 0,
      "77": 0,
      "78": 0,
      "79": 0,
      "80": 0,
      "81": 0,
      "82": 4,
      "83": 4,
      "84": 4,
      "85": 4,
      "86": 4,
      "87": 4,
      "88": 4,
      "89": 4,
      "90": 4,
      "91": 4,
      "92": 0,
      "93": 0,
      "94": 0,
      "95": 0,
      "96": 0
    },
    "f": {
      "0": 14,
      "1": 4,
      "2": 4,
      "3": 4,
      "4": 0,
      "5": 1,
      "6": 1,
      "7": 0,
      "8": 1,
      "9": 1,
      "10": 5,
      "11": 0,
      "12": 56,
      "13": 14,
      "14": 7,
      "15": 2,
      "16": 6,
      "17": 1,
      "18": 0,
      "19": 0,
      "20": 0,
      "21": 0,
      "22": 0,
      "23": 4,
      "24": 0
    },
    "b": {
      "0": [
        4,
        0
      ],
      "1": [
        4,
        0
      ],
      "2": [
        4,
        4
      ],
      "3": [
        0,
        4
      ],
      "4": [
        0,
        1
      ],
      "5": [
        0,
        5
      ],
      "6": [
        5,
        1
      ],
      "7": [
        6,
        1
      ],
      "8": [
        7,
        1
      ],
      "9": [
        1,
        1
      ],
      "10": [
        6,
        8
      ],
      "11": [
        6,
        8
      ],
      "12": [
        6,
        0
      ],
      "13": [
        6,
        4
      ],
      "14": [
        1,
        1
      ],
      "15": [
        6,
        6
      ],
      "16": [
        0,
        6
      ],
      "17": [
        6,
        0
      ],
      "18": [
        4,
        0
      ],
      "19": [
        4,
        4
      ],
      "20": [
        4,
        0
      ],
      "21": [
        4,
        4
      ],
      "22": [
        0,
        0
      ],
      "23": [
        0,
        0
      ]
    },
    "inputSourceMap": {
      "version": 3,
      "mappings": "AA8JU;;;;;;;;;;;;;;;;;AA9JV,SAASA,UAAUC,iBAAiB;AAEpC;AAAA,EACEC;AAAAA,EACAC;AAAAA,EACAC;AAAAA,EACAC;AAAAA,EACAC;AAAAA,EACAC;AAAAA,EACAC;AAAAA,EACAC;AAAAA,EACAC;AAAAA,EACAC;AAAAA,EACAC;AAAAA,EACAC;AAAAA,EACAC;AAAAA,EACAC;AAAAA,EACAC;AAAAA,EACAC;AAAAA,EACAC;AAAAA,EACAC;AAAAA,EACAC;AAAAA,EACAC;AAAAA,EACAC;AAAAA,OACK;AACP,OAAOC,oBAAoB;AAC3B,OAAOC,iBAAiB;AAExB,SAASC,WAAW,EAAEC,aAA8B,GAAG;AAAAC,KAAA;AACrD,QAAM,CAACC,QAAQC,SAAS,IAAI7B,SAAiB,EAAE;AAC/C,QAAM,CAAC8B,cAAcC,eAAe,IAAI/B,SAAS,EAAE;AACnD,QAAMgC,gBAAgBC,aAAaC,QAAQ,iBAAiB;AAC5D,QAAM,CAACC,YAAYC,aAAa,IAAIpC,SAASgC,kBAAkB,MAAM;AACrE,QAAM,CAACK,MAAMC,OAAO,IAAItC,SAASgC,kBAAkB,IAAI;AACvD,QAAM,CAACO,QAAQC,SAAS,IAAIxC,SAA6B,IAAI;AAC7D,QAAM,CAACyC,SAASC,UAAU,IAAI1C,SAAS,KAAK;AAC5C,QAAM,CAAC2C,aAAaC,cAAc,IAAI5C,SAAsB,IAAI;AAChE,QAAM,CAAC6C,YAAYC,aAAa,IAAI9C,SAAS,KAAK;AAElDC,YAAU,MAAM;AACd8C,UAAM,8BAA8B,EACjCC,KAAK,CAACC,QAAQA,IAAIC,KAAK,CAAC,EACxBF,KAAK,CAACG,SAAStB,UAAUsB,IAAI,CAAC,EAC9BC,MAAM,CAACC,QAAQC,QAAQC,MAAM,wBAAwBF,GAAG,CAAC;AAAA,EAC9D,GAAG,EAAE;AAEL,QAAMG,qBAAqBA,MAAM;AAC/B,QAAI,CAACC,UAAUC,YAAa;AAC5BhB,eAAW,IAAI;AACfF,cAAU,IAAI;AACdiB,cAAUC,YAAYC;AAAAA,MACpB,CAACC,aAAa;AACZpB,kBAAU;AAAA,UACRqB,UAAUD,SAASrB,OAAOsB;AAAAA,UAC1BC,WAAWF,SAASrB,OAAOuB;AAAAA,QAC7B,CAAC;AACDpB,mBAAW,KAAK;AAAA,MAClB;AAAA,MACA,CAACW,QAAQ;AACPC,gBAAQC,MAAMF,GAAG;AACjBX,mBAAW,KAAK;AAAA,MAClB;AAAA,IACF;AAAA,EACF;AAEA,QAAMqB,cAAcA,MAAM;AACxB3B,kBAAc,IAAI;AAClBE,YAAQ,KAAK;AACbL,iBAAa+B,QAAQ,mBAAmB,MAAM;AAC9CR,uBAAmB;AAAA,EACrB;AAEA,QAAMS,eAAeA,MAAM;AACzB7B,kBAAc,KAAK;AACnBE,YAAQ,KAAK;AACbL,iBAAa+B,QAAQ,mBAAmB,OAAO;AAAA,EACjD;AAEA/D,YAAU,MAAM;AACd,QAAIkC,cAAc,CAACI,QAAQ;AACzBiB,yBAAmB;AAAA,IACrB;AAAA,EACF,GAAG,CAACrB,UAAU,CAAC;AAEf,QAAM+B,eAAeA,MAAM;AACzBjC,iBAAakC,WAAW,iBAAiB;AACzC/B,kBAAc,KAAK;AACnBI,cAAU,IAAI;AACdF,YAAQ,IAAI;AAAA,EACd;AAKA,WAAS8B,SAASC,KAAqB;AACrC,WAAQA,MAAMC,KAAKC,KAAM;AAAA,EAC3B;AAEA,WAASC,kBACPC,aACAC,YACQ;AACR,UAAMC,cAAcP,SAASK,YAAYZ,QAAQ;AACjD,UAAMe,eAAeR,SAASK,YAAYX,SAAS;AACnD,UAAMe,iBAAiBT,SAASM,WAAWb,QAAQ;AACnD,UAAMiB,kBAAkBV,SAASM,WAAWZ,SAAS;AACrD,UAAMiB,SAAS;AAEf,UAAMC,WACJV,KAAKW;AAAAA,MACHX,KAAKY,IAAIP,WAAW,IAAIL,KAAKY,IAAIL,cAAc,IAC7CP,KAAKa,IAAIR,WAAW,IAClBL,KAAKa,IAAIN,cAAc,IACvBP,KAAKa,IAAIP,eAAeE,eAAe;AAAA,IAC7C,IAAIC;AAEN,WAAOC;AAAAA,EACT;AAEA/E,YAAU,MAAM;AACd,QAAI,CAACsC,UAAUX,OAAOwD,WAAW,EAAG;AAEpC,QAAIC,cAAcC;AAClB,QAAIC,UAAuB;AAE3B3D,WAAO4D,QAAQ,CAACC,SAAS;AACvB,YAAMT,WAAWR;AAAAA,QACf,EAAEX,UAAUtB,OAAOsB,UAAUC,WAAWvB,OAAOuB,UAAU;AAAA,QACzD,EAAED,UAAU4B,KAAK5B,UAAUC,WAAW2B,KAAK3B,UAAU;AAAA,MACvD;AAEA,UAAIkB,WAAWK,aAAa;AAC1BA,sBAAcL;AACdO,kBAAUE;AAAAA,MACZ;AAAA,IACF,CAAC;AAED7C,mBAAe2C,OAAO;AAAA,EACxB,GAAG,CAAChD,QAAQX,MAAM,CAAC;AAEnB,QAAM8D,eAAenD,SACjB,CAAC,GAAGX,MAAM,EAAE+D,KAAK,CAACC,GAAGC,MAAM;AACzB,UAAMC,YAAYtB;AAAAA,MAChB,EAAEX,UAAUtB,OAAOsB,UAAUC,WAAWvB,OAAOuB,UAAU;AAAA,MACzD,EAAED,UAAU+B,EAAE/B,UAAUC,WAAW8B,EAAE9B,UAAU;AAAA,IACjD;AACA,UAAMiC,YAAYvB;AAAAA,MAChB,EAAEX,UAAUtB,OAAOsB,UAAUC,WAAWvB,OAAOuB,UAAU;AAAA,MACzD,EAAED,UAAUgC,EAAEhC,UAAUC,WAAW+B,EAAE/B,UAAU;AAAA,IACjD;AACA,WAAOgC,YAAYC;AAAAA,EACrB,CAAC,IACDnE;AAEJ,SACE,uBAAC,aAAU,UAAS,MAAK,IAAI,EAAEoE,IAAI,EAAE,GAAG,eAAY,eAClD;AAAA,2BAAC,UAAO,MAAY,SAAS/B,cAAc,eAAY,mBACrD;AAAA,6BAAC,eAAY,IAAI,EAAEgC,SAAS,QAAQC,YAAY,UAAUC,KAAK,EAAE,GAC/D;AAAA,+BAAC,kBAAe,OAAM,aAAtB;AAAA;AAAA;AAAA;AAAA,eAA+B;AAAA,QAAG;AAAA,WADpC;AAAA;AAAA;AAAA;AAAA,aAGA;AAAA,MACA,uBAAC,iBACC,iCAAC,qBAAkB,eAAY,yBAAwB,mGAAvD;AAAA;AAAA;AAAA;AAAA,aAGA,KAJF;AAAA;AAAA;AAAA;AAAA,aAKA;AAAA,MACA,uBAAC,iBAAc,IAAI,EAAEC,IAAI,GAAGC,IAAI,EAAE,GAChC;AAAA,+BAAC,UAAO,SAASpC,cAAc,OAAM,WAAU,oBAA/C;AAAA;AAAA;AAAA;AAAA,eAEA;AAAA,QACA;AAAA,UAAC;AAAA;AAAA,YACC,eAAY;AAAA,YACZ,SAASF;AAAAA,YACT,SAAQ;AAAA,YAAW;AAAA;AAAA,UAHrB;AAAA;AAAA;AAAA;AAAA;AAAA;AAAA;AAAA;AAAA,QAMA;AAAA,WAVF;AAAA;AAAA;AAAA;AAAA,aAWA;AAAA,SAtBF;AAAA;AAAA;AAAA;AAAA,WAuBA;AAAA,IACC5B,aACC,uBAAC,OACC;AAAA;AAAA,QAAC;AAAA;AAAA,UACC,WAAU;AAAA,UACV,gBAAe;AAAA,UACf,YAAW;AAAA,UACX,IAAI;AAAA,UAEJ;AAAA,mCAAC,cAAW,SAAQ,MAAK,YAAW,QAAO,yBAA3C;AAAA;AAAA;AAAA;AAAA,mBAEA;AAAA,YACA;AAAA,cAAC;AAAA;AAAA,gBACC,MAAK;AAAA,gBACL,SAAS+B;AAAAA,gBACT,WAAW,uBAAC,iBAAD;AAAA;AAAA;AAAA;AAAA,uBAAY;AAAA,gBAAI;AAAA;AAAA,cAH7B;AAAA;AAAA;AAAA;AAAA;AAAA;AAAA;AAAA;AAAA,YAMA;AAAA;AAAA;AAAA,QAfF;AAAA;AAAA;AAAA;AAAA;AAAA;AAAA;AAAA;AAAA,MAgBA;AAAA,MAECzB,WACC,uBAAC,OAAI,WAAU,UAAS,IAAI,GAC1B;AAAA,+BAAC,oBAAiB,MAAM,MAAxB;AAAA;AAAA;AAAA;AAAA,eAA2B;AAAA,QAC3B,uBAAC,cAAW,SAAQ,MAAK,IAAI,GAAG,OAAM,kBAAiB,mCAAvD;AAAA;AAAA;AAAA;AAAA,eAEA;AAAA,WAJF;AAAA;AAAA;AAAA;AAAA,aAKA;AAAA,MAGDE,eACC,uBAAC,QAAK,IAAI,EAAE2D,IAAI,GAAGC,cAAc,GAAGC,WAAW,EAAE,GAC/C;AAAA;AAAA,UAAC;AAAA;AAAA,YACC,WAAU;AAAA,YACV,QAAO;AAAA,YACP,OAAO,IAAI7D,YAAY8D,IAAI;AAAA,YAC3B,KAAK9D,YAAY+D;AAAAA,YACjB,IAAI,EAAEC,WAAW,QAAQ;AAAA;AAAA,UAL3B;AAAA;AAAA;AAAA;AAAA;AAAA;AAAA;AAAA;AAAA,QAK6B;AAAA,QAE7B,uBAAC,eAAY,IAAI,EAAEC,GAAG,EAAE,GACtB,iCAAC,SAAM,SAAS,GACd;AAAA,iCAAC,OACC;AAAA;AAAA,cAAC;AAAA;AAAA,gBACC,OAAM;AAAA,gBACN,OAAM;AAAA,gBACN,MAAK;AAAA,gBACL,IAAI,EAAEN,IAAI,EAAE;AAAA;AAAA,cAJd;AAAA;AAAA;AAAA;AAAA;AAAA;AAAA;AAAA;AAAA,YAIgB;AAAA,YAEhB;AAAA,cAAC;AAAA;AAAA,gBACC,gBAAa;AAAA,gBACb,SAAQ;AAAA,gBACR,YAAW;AAAA,gBAEV3D,sBAAY+D;AAAAA;AAAAA,cALf;AAAA;AAAA;AAAA;AAAA;AAAA;AAAA;AAAA;AAAA,YAMA;AAAA,eAbF;AAAA;AAAA;AAAA;AAAA,iBAcA;AAAA,UACA;AAAA,YAAC;AAAA;AAAA,cACC,SAAQ;AAAA,cACR,MAAK;AAAA,cACL;AAAA,cACA,SAAS,MACP/D,aAAakE,QAAQnF,aAAaiB,YAAYkE,IAAI;AAAA,cAEpD,IAAI;AAAA,gBACFb,IAAI;AAAA,gBACJO,cAAc;AAAA,gBACdO,eAAe;AAAA,gBACfC,UAAU;AAAA,cACZ;AAAA,cAAE;AAAA;AAAA,YAZJ;AAAA;AAAA;AAAA;AAAA;AAAA;AAAA;AAAA;AAAA,UAeA;AAAA,aA/BF;AAAA;AAAA;AAAA;AAAA,eAgCA,KAjCF;AAAA;AAAA;AAAA;AAAA,eAkCA;AAAA,WA1CF;AAAA;AAAA;AAAA;AAAA,aA2CA;AAAA,MAGDnF,OAAOwD,SAAS,KACf,uBAAC,OAAI,WAAU,UAAS,IAAI,GAC1B;AAAA,QAAC;AAAA;AAAA,UACC,SAAQ;AAAA,UACR,MAAK;AAAA,UACL,SAAS,MAAMtC,cAAc,CAACD,UAAU;AAAA,UACxC,IAAI,EAAE0D,cAAc,EAAE;AAAA,UAErB1D,uBAAa,sBAAsB;AAAA;AAAA,QANtC;AAAA;AAAA;AAAA;AAAA;AAAA;AAAA;AAAA;AAAA,MAOA,KARF;AAAA;AAAA;AAAA;AAAA,aASA;AAAA,MAEDA,cACC,uBAAC,QAAK,IAAI,EAAEyD,IAAI,GAAGC,cAAc,GAAGC,WAAW,EAAE,GAC/C,iCAAC,QAAK,IAAI,EAAED,cAAc,EAAE,GACzBb,uBACEsB,OAAO,CAACvB,SAAS9C,aAAasE,OAAOxB,KAAKwB,EAAE,EAC5CC;AAAAA,QAAI,CAACzB,SACJ;AAAA,UAAC;AAAA;AAAA,YAEC;AAAA,YACA,IAAI,EAAE0B,cAAc,iBAAiB;AAAA,YAErC;AAAA,cAAC;AAAA;AAAA,gBACC,UAAUrF,iBAAiB2D,KAAKoB;AAAAA,gBAChC,SAAS,MAAM;AACb9E,kCAAgB0D,KAAKoB,IAAI;AACzBnF,+BAAa+D,KAAKoB,IAAI;AAAA,gBACxB;AAAA,gBACA,IAAI;AAAA,kBACFb,IAAI;AAAA,kBACJ,kBAAkB;AAAA,oBAChBoB,SAAS;AAAA,oBACT,WAAW,EAAEA,SAAS,gBAAgB;AAAA,kBACxC;AAAA,gBACF;AAAA,gBAEA;AAAA,yCAAC,kBACC;AAAA,oBAAC;AAAA;AAAA,sBACC,KAAK,IAAI3B,KAAKgB,IAAI;AAAA,sBAClB,IAAI,EAAEY,OAAO,IAAIC,QAAQ,GAAG;AAAA;AAAA,oBAF9B;AAAA;AAAA;AAAA;AAAA;AAAA;AAAA;AAAA;AAAA,kBAEgC,KAHlC;AAAA;AAAA;AAAA;AAAA,yBAKA;AAAA,kBACA;AAAA,oBAAC;AAAA;AAAA,sBACC,IAAI,EAAEC,IAAI,GAAGC,OAAO,QAAQ;AAAA,sBAC5B,SAAS/B,KAAKiB;AAAAA;AAAAA,oBAFhB;AAAA;AAAA;AAAA;AAAA;AAAA;AAAA;AAAA;AAAA,kBAEqB;AAAA;AAAA;AAAA,cAtBvB;AAAA;AAAA;AAAA;AAAA;AAAA;AAAA;AAAA;AAAA,YAwBA;AAAA;AAAA,UA5BKjB,KAAKwB;AAAAA,UADZ;AAAA;AAAA;AAAA;AAAA;AAAA;AAAA;AAAA,QA8BA;AAAA,MACD,KAnCL;AAAA;AAAA;AAAA;AAAA,aAoCA,KArCF;AAAA;AAAA;AAAA;AAAA,aAsCA;AAAA,SA9HJ;AAAA;AAAA;AAAA;AAAA,WAgIA,IAEA,uBAAC,OAAI,WAAU,UAAS,IAAI,GAAG,IAAI,GACjC;AAAA;AAAA,QAAC;AAAA;AAAA,UACC,IAAI,EAAEF,UAAU,IAAIS,OAAO,kBAAkBlB,IAAI,EAAE;AAAA;AAAA,QADrD;AAAA;AAAA;AAAA;AAAA;AAAA;AAAA;AAAA;AAAA,MACuD;AAAA,MAEvD,uBAAC,cAAW,SAAQ,MAAK,cAAY,MAAC,YAAW,QAAO,mCAAxD;AAAA;AAAA;AAAA;AAAA,aAEA;AAAA,MACA,uBAAC,cAAW,SAAQ,SAAQ,OAAM,kBAAiB,IAAI,GAAG,oFAA1D;AAAA;AAAA;AAAA;AAAA,aAEA;AAAA,MACA;AAAA,QAAC;AAAA;AAAA,UACC,SAAQ;AAAA,UACR,MAAK;AAAA,UACL,SAAS,MAAMhE,QAAQ,IAAI;AAAA,UAAE;AAAA;AAAA,QAH/B;AAAA;AAAA;AAAA;AAAA;AAAA;AAAA;AAAA;AAAA,MAMA;AAAA,SAhBF;AAAA;AAAA;AAAA;AAAA,WAiBA;AAAA,OA7KJ;AAAA;AAAA;AAAA;AAAA,SA+KA;AAEJ;AAACX,GAhTQF,YAAU;AAAAgG,KAAVhG;AAkTT,eAAeA;AAAW,IAAAgG;AAAAC,aAAAD,IAAA",
      "names": [
        "useState",
        "useEffect",
        "Button",
        "Dialog",
        "DialogActions",
        "DialogContent",
        "DialogContentText",
        "DialogTitle",
        "List",
        "ListItem",
        "ListItemButton",
        "ListItemText",
        "ListItemAvatar",
        "Avatar",
        "CircularProgress",
        "Typography",
        "Card",
        "CardContent",
        "CardMedia",
        "Box",
        "Container",
        "Chip",
        "Stack",
        "LocationOnIcon",
        "ExploreIcon",
        "CityPicker",
        "onSelectCity",
        "_s",
        "cities",
        "setCities",
        "selectedCity",
        "setSelectedCity",
        "storedConsent",
        "localStorage",
        "getItem",
        "hasConsent",
        "setHasConsent",
        "open",
        "setOpen",
        "coords",
        "setCoords",
        "loading",
        "setLoading",
        "nearestCity",
        "setNearestCity",
        "showCities",
        "setShowCities",
        "fetch",
        "then",
        "res",
        "json",
        "data",
        "catch",
        "err",
        "console",
        "error",
        "requestGeolocation",
        "navigator",
        "geolocation",
        "getCurrentPosition",
        "position",
        "latitude",
        "longitude",
        "handleAllow",
        "setItem",
        "handleDenied",
        "resetConsent",
        "removeItem",
        "degToRad",
        "deg",
        "Math",
        "PI",
        "calculateDistance",
        "startCoords",
        "destCoords",
        "startingLat",
        "startingLong",
        "destinationLat",
        "destinationLong",
        "radius",
        "distance",
        "acos",
        "sin",
        "cos",
        "length",
        "minDistance",
        "Infinity",
        "closest",
        "forEach",
        "city",
        "sortedCities",
        "sort",
        "a",
        "b",
        "distanceA",
        "distanceB",
        "py",
        "display",
        "alignItems",
        "gap",
        "px",
        "pb",
        "mb",
        "borderRadius",
        "boxShadow",
        "icon",
        "name",
        "objectFit",
        "p",
        "slug",
        "textTransform",
        "fontSize",
        "filter",
        "id",
        "map",
        "borderBottom",
        "bgcolor",
        "width",
        "height",
        "ml",
        "color",
        "_c",
        "$RefreshReg$"
      ],
      "ignoreList": [],
      "sources": [
        "C:/Users/rhz19/ITHS/Testning/my-project/frontend/src/components/CityPicker.tsx"
      ],
      "file": "C:/Users/rhz19/ITHS/Testning/my-project/frontend/src/components/CityPicker.tsx"
    },
    "_coverageSchema": "1a1c01bbd47fc00a2c39e90264f33305004495a9",
    "hash": "67d2243d089908205a81fe43cdcd520fea539117"
  },
  "C:/Users/rhz19/ITHS/Testning/my-project/frontend/src/pages/Home.tsx": {
    "path": "C:/Users/rhz19/ITHS/Testning/my-project/frontend/src/pages/Home.tsx",
    "statementMap": {
      "0": {
        "start": {
          "line": 3,
          "column": 20
        },
        "end": {
          "line": 3,
          "column": 97
        }
      },
      "1": {
        "start": {
          "line": 6,
          "column": 0
        },
        "end": {
          "line": 16,
          "column": 1
        }
      },
      "2": {
        "start": {
          "line": 7,
          "column": 2
        },
        "end": {
          "line": 11,
          "column": 3
        }
      },
      "3": {
        "start": {
          "line": 8,
          "column": 4
        },
        "end": {
          "line": 10,
          "column": 6
        }
      },
      "4": {
        "start": {
          "line": 12,
          "column": 2
        },
        "end": {
          "line": 12,
          "column": 39
        }
      },
      "5": {
        "start": {
          "line": 13,
          "column": 2
        },
        "end": {
          "line": 13,
          "column": 39
        }
      },
      "6": {
        "start": {
          "line": 14,
          "column": 2
        },
        "end": {
          "line": 14,
          "column": 124
        }
      },
      "7": {
        "start": {
          "line": 15,
          "column": 2
        },
        "end": {
          "line": 15,
          "column": 75
        }
      },
      "8": {
        "start": {
          "line": 17,
          "column": 9
        },
        "end": {
          "line": 17,
          "column": 23
        }
      },
      "9": {
        "start": {
          "line": 22,
          "column": 2
        },
        "end": {
          "line": 22,
          "column": 7
        }
      },
      "10": {
        "start": {
          "line": 23,
          "column": 19
        },
        "end": {
          "line": 23,
          "column": 32
        }
      },
      "11": {
        "start": {
          "line": 24,
          "column": 30
        },
        "end": {
          "line": 24,
          "column": 44
        }
      },
      "12": {
        "start": {
          "line": 25,
          "column": 27
        },
        "end": {
          "line": 28,
          "column": 3
        }
      },
      "13": {
        "start": {
          "line": 26,
          "column": 4
        },
        "end": {
          "line": 26,
          "column": 26
        }
      },
      "14": {
        "start": {
          "line": 27,
          "column": 4
        },
        "end": {
          "line": 27,
          "column": 30
        }
      },
      "15": {
        "start": {
          "line": 29,
          "column": 2
        },
        "end": {
          "line": 37,
          "column": 11
        }
      },
      "16": {
        "start": {
          "line": 39,
          "column": 0
        },
        "end": {
          "line": 41,
          "column": 3
        }
      },
      "17": {
        "start": {
          "line": 40,
          "column": 2
        },
        "end": {
          "line": 40,
          "column": 23
        }
      },
      "18": {
        "start": {
          "line": 42,
          "column": 0
        },
        "end": {
          "line": 42,
          "column": 10
        }
      },
      "19": {
        "start": {
          "line": 45,
          "column": 0
        },
        "end": {
          "line": 45,
          "column": 25
        }
      },
      "20": {
        "start": {
          "line": 46,
          "column": 0
        },
        "end": {
          "line": 49,
          "column": 1
        }
      },
      "21": {
        "start": {
          "line": 47,
          "column": 2
        },
        "end": {
          "line": 47,
          "column": 39
        }
      },
      "22": {
        "start": {
          "line": 48,
          "column": 2
        },
        "end": {
          "line": 48,
          "column": 39
        }
      },
      "23": {
        "start": {
          "line": 50,
          "column": 0
        },
        "end": {
          "line": 59,
          "column": 1
        }
      },
      "24": {
        "start": {
          "line": 51,
          "column": 2
        },
        "end": {
          "line": 58,
          "column": 5
        }
      },
      "25": {
        "start": {
          "line": 52,
          "column": 4
        },
        "end": {
          "line": 52,
          "column": 137
        }
      },
      "26": {
        "start": {
          "line": 53,
          "column": 4
        },
        "end": {
          "line": 57,
          "column": 7
        }
      },
      "27": {
        "start": {
          "line": 54,
          "column": 6
        },
        "end": {
          "line": 54,
          "column": 31
        }
      },
      "28": {
        "start": {
          "line": 54,
          "column": 24
        },
        "end": {
          "line": 54,
          "column": 31
        }
      },
      "29": {
        "start": {
          "line": 55,
          "column": 32
        },
        "end": {
          "line": 55,
          "column": 186
        }
      },
      "30": {
        "start": {
          "line": 56,
          "column": 6
        },
        "end": {
          "line": 56,
          "column": 75
        }
      },
      "31": {
        "start": {
          "line": 56,
          "column": 29
        },
        "end": {
          "line": 56,
          "column": 75
        }
      }
    },
    "fnMap": {
      "0": {
        "name": "Home",
        "decl": {
          "start": {
            "line": 21,
            "column": 9
          },
          "end": {
            "line": 21,
            "column": 13
          }
        },
        "loc": {
          "start": {
            "line": 21,
            "column": 16
          },
          "end": {
            "line": 38,
            "column": 1
          }
        },
        "line": 21
      },
      "1": {
        "name": "(anonymous_1)",
        "decl": {
          "start": {
            "line": 25,
            "column": 27
          },
          "end": {
            "line": 25,
            "column": 28
          }
        },
        "loc": {
          "start": {
            "line": 25,
            "column": 37
          },
          "end": {
            "line": 28,
            "column": 3
          }
        },
        "line": 25
      },
      "2": {
        "name": "(anonymous_2)",
        "decl": {
          "start": {
            "line": 39,
            "column": 48
          },
          "end": {
            "line": 39,
            "column": 49
          }
        },
        "loc": {
          "start": {
            "line": 39,
            "column": 59
          },
          "end": {
            "line": 41,
            "column": 1
          }
        },
        "line": 39
      },
      "3": {
        "name": "(anonymous_3)",
        "decl": {
          "start": {
            "line": 51,
            "column": 52
          },
          "end": {
            "line": 51,
            "column": 53
          }
        },
        "loc": {
          "start": {
            "line": 51,
            "column": 72
          },
          "end": {
            "line": 58,
            "column": 3
          }
        },
        "line": 51
      },
      "4": {
        "name": "(anonymous_4)",
        "decl": {
          "start": {
            "line": 53,
            "column": 27
          },
          "end": {
            "line": 53,
            "column": 28
          }
        },
        "loc": {
          "start": {
            "line": 53,
            "column": 44
          },
          "end": {
            "line": 57,
            "column": 5
          }
        },
        "line": 53
      }
    },
    "branchMap": {
      "0": {
        "loc": {
          "start": {
            "line": 3,
            "column": 20
          },
          "end": {
            "line": 3,
            "column": 97
          }
        },
        "type": "binary-expr",
        "locations": [
          {
            "start": {
              "line": 3,
              "column": 20
            },
            "end": {
              "line": 3,
              "column": 60
            }
          },
          {
            "start": {
              "line": 3,
              "column": 64
            },
            "end": {
              "line": 3,
              "column": 97
            }
          }
        ],
        "line": 3
      },
      "1": {
        "loc": {
          "start": {
            "line": 6,
            "column": 0
          },
          "end": {
            "line": 16,
            "column": 1
          }
        },
        "type": "if",
        "locations": [
          {
            "start": {
              "line": 6,
              "column": 0
            },
            "end": {
              "line": 16,
              "column": 1
            }
          },
          {
            "start": {},
            "end": {}
          }
        ],
        "line": 6
      },
      "2": {
        "loc": {
          "start": {
            "line": 6,
            "column": 4
          },
          "end": {
            "line": 6,
            "column": 35
          }
        },
        "type": "binary-expr",
        "locations": [
          {
            "start": {
              "line": 6,
              "column": 4
            },
            "end": {
              "line": 6,
              "column": 19
            }
          },
          {
            "start": {
              "line": 6,
              "column": 23
            },
            "end": {
              "line": 6,
              "column": 35
            }
          }
        ],
        "line": 6
      },
      "3": {
        "loc": {
          "start": {
            "line": 7,
            "column": 2
          },
          "end": {
            "line": 11,
            "column": 3
          }
        },
        "type": "if",
        "locations": [
          {
            "start": {
              "line": 7,
              "column": 2
            },
            "end": {
              "line": 11,
              "column": 3
            }
          },
          {
            "start": {},
            "end": {}
          }
        ],
        "line": 7
      },
      "4": {
        "loc": {
          "start": {
            "line": 46,
            "column": 0
          },
          "end": {
            "line": 49,
            "column": 1
          }
        },
        "type": "if",
        "locations": [
          {
            "start": {
              "line": 46,
              "column": 0
            },
            "end": {
              "line": 49,
              "column": 1
            }
          },
          {
            "start": {},
            "end": {}
          }
        ],
        "line": 46
      },
      "5": {
        "loc": {
          "start": {
            "line": 46,
            "column": 4
          },
          "end": {
            "line": 46,
            "column": 35
          }
        },
        "type": "binary-expr",
        "locations": [
          {
            "start": {
              "line": 46,
              "column": 4
            },
            "end": {
              "line": 46,
              "column": 19
            }
          },
          {
            "start": {
              "line": 46,
              "column": 23
            },
            "end": {
              "line": 46,
              "column": 35
            }
          }
        ],
        "line": 46
      },
      "6": {
        "loc": {
          "start": {
            "line": 50,
            "column": 0
          },
          "end": {
            "line": 59,
            "column": 1
          }
        },
        "type": "if",
        "locations": [
          {
            "start": {
              "line": 50,
              "column": 0
            },
            "end": {
              "line": 59,
              "column": 1
            }
          },
          {
            "start": {},
            "end": {}
          }
        ],
        "line": 50
      },
      "7": {
        "loc": {
          "start": {
            "line": 50,
            "column": 4
          },
          "end": {
            "line": 50,
            "column": 35
          }
        },
        "type": "binary-expr",
        "locations": [
          {
            "start": {
              "line": 50,
              "column": 4
            },
            "end": {
              "line": 50,
              "column": 19
            }
          },
          {
            "start": {
              "line": 50,
              "column": 23
            },
            "end": {
              "line": 50,
              "column": 35
            }
          }
        ],
        "line": 50
      },
      "8": {
        "loc": {
          "start": {
            "line": 54,
            "column": 6
          },
          "end": {
            "line": 54,
            "column": 31
          }
        },
        "type": "if",
        "locations": [
          {
            "start": {
              "line": 54,
              "column": 6
            },
            "end": {
              "line": 54,
              "column": 31
            }
          },
          {
            "start": {},
            "end": {}
          }
        ],
        "line": 54
      },
      "9": {
        "loc": {
          "start": {
            "line": 56,
            "column": 6
          },
          "end": {
            "line": 56,
            "column": 75
          }
        },
        "type": "if",
        "locations": [
          {
            "start": {
              "line": 56,
              "column": 6
            },
            "end": {
              "line": 56,
              "column": 75
            }
          },
          {
            "start": {},
            "end": {}
          }
        ],
        "line": 56
      }
    },
    "s": {
      "0": 4,
      "1": 4,
      "2": 4,
      "3": 0,
      "4": 4,
      "5": 4,
      "6": 4,
      "7": 4,
      "8": 4,
      "9": 6,
      "10": 6,
      "11": 6,
      "12": 6,
      "13": 1,
      "14": 1,
      "15": 6,
      "16": 4,
      "17": 2,
      "18": 4,
      "19": 4,
      "20": 4,
      "21": 4,
      "22": 4,
      "23": 4,
      "24": 4,
      "25": 4,
      "26": 4,
      "27": 0,
      "28": 0,
      "29": 0,
      "30": 0,
      "31": 0
    },
    "f": {
      "0": 6,
      "1": 1,
      "2": 2,
      "3": 4,
      "4": 0
    },
    "b": {
      "0": [
        4,
        0
      ],
      "1": [
        4,
        0
      ],
      "2": [
        4,
        4
      ],
      "3": [
        0,
        4
      ],
      "4": [
        4,
        0
      ],
      "5": [
        4,
        4
      ],
      "6": [
        4,
        0
      ],
      "7": [
        4,
        4
      ],
      "8": [
        0,
        0
      ],
      "9": [
        0,
        0
      ]
    },
    "inputSourceMap": {
      "version": 3,
      "mappings": "AAcI,mBACE,cADF;;;;;;;;;;;;;;;;;AAdJ,SAASA,gBAAgB;AACzB,SAASC,mBAAmB;AAC5B,OAAOC,gBAAgB;AAEvB,SAASC,OAAO;AAAAC,KAAA;AACd,QAAMC,WAAWJ,YAAY;AAC7B,QAAM,GAAGK,eAAe,IAAIN,SAAwB,IAAI;AAExD,QAAMO,mBAAmBA,CAACC,SAAiB;AACzCF,oBAAgBE,IAAI;AACpBH,aAAS,SAASG,IAAI,EAAE;AAAA,EAC1B;AAEA,SACE,mCACE,iCAAC,cAAW,cAAcD,oBAA1B;AAAA;AAAA;AAAA;AAAA,SAA2C,KAD7C;AAAA;AAAA;AAAA;AAAA,SAEA;AAEJ;AAACH,GAdQD,MAAI;AAAA,UACMF,WAAW;AAAA;AAAAQ,KADrBN;AAgBT,eAAeA;AAAK,IAAAM;AAAAC,aAAAD,IAAA",
      "names": [
        "useState",
        "useNavigate",
        "CityPicker",
        "Home",
        "_s",
        "navigate",
        "setSelectedCity",
        "handleSelectCity",
        "slug",
        "_c",
        "$RefreshReg$"
      ],
      "ignoreList": [],
      "sources": [
        "C:/Users/rhz19/ITHS/Testning/my-project/frontend/src/pages/Home.tsx"
      ],
      "file": "C:/Users/rhz19/ITHS/Testning/my-project/frontend/src/pages/Home.tsx"
    },
    "_coverageSchema": "1a1c01bbd47fc00a2c39e90264f33305004495a9",
    "hash": "257a15d85b689214a7f307787d37e69c2a9cbdc5"
  },
  "C:/Users/rhz19/ITHS/Testning/my-project/frontend/src/App.tsx": {
    "path": "C:/Users/rhz19/ITHS/Testning/my-project/frontend/src/App.tsx",
    "statementMap": {
      "0": {
        "start": {
          "line": 3,
          "column": 20
        },
        "end": {
          "line": 3,
          "column": 97
        }
      },
      "1": {
        "start": {
          "line": 6,
          "column": 0
        },
        "end": {
          "line": 16,
          "column": 1
        }
      },
      "2": {
        "start": {
          "line": 7,
          "column": 2
        },
        "end": {
          "line": 11,
          "column": 3
        }
      },
      "3": {
        "start": {
          "line": 8,
          "column": 4
        },
        "end": {
          "line": 10,
          "column": 6
        }
      },
      "4": {
        "start": {
          "line": 12,
          "column": 2
        },
        "end": {
          "line": 12,
          "column": 39
        }
      },
      "5": {
        "start": {
          "line": 13,
          "column": 2
        },
        "end": {
          "line": 13,
          "column": 39
        }
      },
      "6": {
        "start": {
          "line": 14,
          "column": 2
        },
        "end": {
          "line": 14,
          "column": 117
        }
      },
      "7": {
        "start": {
          "line": 15,
          "column": 2
        },
        "end": {
          "line": 15,
          "column": 75
        }
      },
      "8": {
        "start": {
          "line": 19,
          "column": 2
        },
        "end": {
          "line": 23,
          "column": 11
        }
      },
      "9": {
        "start": {
          "line": 25,
          "column": 0
        },
        "end": {
          "line": 25,
          "column": 9
        }
      },
      "10": {
        "start": {
          "line": 28,
          "column": 0
        },
        "end": {
          "line": 28,
          "column": 24
        }
      },
      "11": {
        "start": {
          "line": 29,
          "column": 0
        },
        "end": {
          "line": 32,
          "column": 1
        }
      },
      "12": {
        "start": {
          "line": 30,
          "column": 2
        },
        "end": {
          "line": 30,
          "column": 39
        }
      },
      "13": {
        "start": {
          "line": 31,
          "column": 2
        },
        "end": {
          "line": 31,
          "column": 39
        }
      },
      "14": {
        "start": {
          "line": 33,
          "column": 0
        },
        "end": {
          "line": 42,
          "column": 1
        }
      },
      "15": {
        "start": {
          "line": 34,
          "column": 2
        },
        "end": {
          "line": 41,
          "column": 5
        }
      },
      "16": {
        "start": {
          "line": 35,
          "column": 4
        },
        "end": {
          "line": 35,
          "column": 130
        }
      },
      "17": {
        "start": {
          "line": 36,
          "column": 4
        },
        "end": {
          "line": 40,
          "column": 7
        }
      },
      "18": {
        "start": {
          "line": 37,
          "column": 6
        },
        "end": {
          "line": 37,
          "column": 31
        }
      },
      "19": {
        "start": {
          "line": 37,
          "column": 24
        },
        "end": {
          "line": 37,
          "column": 31
        }
      },
      "20": {
        "start": {
          "line": 38,
          "column": 32
        },
        "end": {
          "line": 38,
          "column": 179
        }
      },
      "21": {
        "start": {
          "line": 39,
          "column": 6
        },
        "end": {
          "line": 39,
          "column": 75
        }
      },
      "22": {
        "start": {
          "line": 39,
          "column": 29
        },
        "end": {
          "line": 39,
          "column": 75
        }
      }
    },
    "fnMap": {
      "0": {
        "name": "App",
        "decl": {
          "start": {
            "line": 18,
            "column": 9
          },
          "end": {
            "line": 18,
            "column": 12
          }
        },
        "loc": {
          "start": {
            "line": 18,
            "column": 15
          },
          "end": {
            "line": 24,
            "column": 1
          }
        },
        "line": 18
      },
      "1": {
        "name": "(anonymous_1)",
        "decl": {
          "start": {
            "line": 34,
            "column": 52
          },
          "end": {
            "line": 34,
            "column": 53
          }
        },
        "loc": {
          "start": {
            "line": 34,
            "column": 72
          },
          "end": {
            "line": 41,
            "column": 3
          }
        },
        "line": 34
      },
      "2": {
        "name": "(anonymous_2)",
        "decl": {
          "start": {
            "line": 36,
            "column": 27
          },
          "end": {
            "line": 36,
            "column": 28
          }
        },
        "loc": {
          "start": {
            "line": 36,
            "column": 44
          },
          "end": {
            "line": 40,
            "column": 5
          }
        },
        "line": 36
      }
    },
    "branchMap": {
      "0": {
        "loc": {
          "start": {
            "line": 3,
            "column": 20
          },
          "end": {
            "line": 3,
            "column": 97
          }
        },
        "type": "binary-expr",
        "locations": [
          {
            "start": {
              "line": 3,
              "column": 20
            },
            "end": {
              "line": 3,
              "column": 60
            }
          },
          {
            "start": {
              "line": 3,
              "column": 64
            },
            "end": {
              "line": 3,
              "column": 97
            }
          }
        ],
        "line": 3
      },
      "1": {
        "loc": {
          "start": {
            "line": 6,
            "column": 0
          },
          "end": {
            "line": 16,
            "column": 1
          }
        },
        "type": "if",
        "locations": [
          {
            "start": {
              "line": 6,
              "column": 0
            },
[...]
            "column": 1
          }
        },
        "type": "if",
        "locations": [
          {
            "start": {
              "line": 88,
              "column": 0
            },
            "end": {
              "line": 97,
              "column": 1
            }
          },
          {
            "start": {},
            "end": {}
          }
        ],
        "line": 88
      },
      "7": {
        "loc": {
          "start": {
            "line": 88,
            "column": 4
          },
          "end": {
            "line": 88,
            "column": 35
          }
        },
        "type": "binary-expr",
        "locations": [
          {
            "start": {
              "line": 88,
              "column": 4
            },
            "end": {
              "line": 88,
              "column": 19
            }
          },
          {
            "start": {
              "line": 88,
              "column": 23
            },
            "end": {
              "line": 88,
              "column": 35
            }
          }
        ],
        "line": 88
      },
      "8": {
        "loc": {
          "start": {
            "line": 92,
            "column": 6
          },
          "end": {
            "line": 92,
            "column": 31
          }
        },
        "type": "if",
        "locations": [
          {
            "start": {
              "line": 92,
              "column": 6
            },
            "end": {
              "line": 92,
              "column": 31
            }
          },
          {
            "start": {},
            "end": {}
          }
        ],
        "line": 92
      },
      "9": {
        "loc": {
          "start": {
            "line": 94,
            "column": 6
          },
          "end": {
            "line": 94,
            "column": 75
          }
        },
        "type": "if",
        "locations": [
          {
            "start": {
              "line": 94,
              "column": 6
            },
            "end": {
              "line": 94,
              "column": 75
            }
          },
          {
            "start": {},
            "end": {}
          }
        ],
        "line": 94
      }
    },
    "s": {
      "0": 4,
      "1": 4,
      "2": 4,
      "3": 0,
      "4": 4,
      "5": 4,
      "6": 4,
      "7": 4,
      "8": 4,
      "9": 0,
      "10": 0,
      "11": 4,
      "12": 4,
      "13": 4,
      "14": 4,
      "15": 4,
      "16": 4,
      "17": 4,
      "18": 4,
      "19": 4,
      "20": 0,
      "21": 0,
      "22": 0,
      "23": 0,
      "24": 0
    },
    "f": {
      "0": 0,
      "1": 4,
      "2": 0
    },
    "b": {
      "0": [
        4,
        0
      ],
      "1": [
        4,
        0
      ],
      "2": [
        4,
        4
      ],
      "3": [
        0,
        4
      ],
      "4": [
        4,
        0
      ],
      "5": [
        4,
        4
      ],
      "6": [
        4,
        0
      ],
      "7": [
        4,
        4
      ],
      "8": [
        0,
        0
      ],
      "9": [
        0,
        0
      ]
    },
    "inputSourceMap": {
      "version": 3,
      "mappings": "AAyCM;;;;;;;;;;;;;;;;AAxCN,OAAOA,mBAAmB;AAE1B,MAAMC,UAAoBA,MAAM;AAC9B,QAAMC,cAAc;AAAA;AAAA;AAAA;AAAA;AAAA;AAAA;AAAA;AAAA;AAAA;AAAA;AAAA;AAAA;AAAA;AAAA;AAAA;AAAA;AAAA;AAAA;AAAA;AAAA;AAAA;AAAA;AAAA;AAAA;AAAA;AAAA;AAAA;AAAA;AAAA;AAAA;AAAA;AAAA;AAAA;AAmCpB,SACE,uBAAC,SACC;AAAA,2BAAC,QAAG,4BAAJ;AAAA;AAAA;AAAA;AAAA,WAAgB;AAAA,IAChB;AAAA,MAAC;AAAA;AAAA,QACC,aAAaA;AAAAA,QACb,eAAe,EAAEC,OAAO,UAAU;AAAA;AAAA,MAFpC;AAAA;AAAA;AAAA;AAAA;AAAA;AAAA;AAAA;AAAA,IAEsC;AAAA,OAJxC;AAAA;AAAA;AAAA;AAAA,SAMA;AAEJ;AAAEC,KA7CIH;AA+CN,eAAeA;AAAQ,IAAAG;AAAAC,aAAAD,IAAA",
      "names": [
        "RenderMermaid",
        "UMLPage",
        "diagramCode",
        "theme",
        "_c",
        "$RefreshReg$"
      ],
      "ignoreList": [],
      "sources": [
        "C:/Users/rhz19/ITHS/Testning/my-project/frontend/src/pages/UMLPage.tsx"
      ],
      "file": "C:/Users/rhz19/ITHS/Testning/my-project/frontend/src/pages/UMLPage.tsx"
    },
    "_coverageSchema": "1a1c01bbd47fc00a2c39e90264f33305004495a9",
    "hash": "bf6d9b83d880f15e2f760d04a83bb6f693a4d857"
  },
  "C:/Users/rhz19/ITHS/Testning/my-project/frontend/src/router/Router.tsx": {
    "path": "C:/Users/rhz19/ITHS/Testning/my-project/frontend/src/router/Router.tsx",
    "statementMap": {
      "0": {
        "start": {
          "line": 3,
          "column": 20
        },
        "end": {
          "line": 3,
          "column": 97
        }
      },
      "1": {
        "start": {
          "line": 6,
          "column": 0
        },
        "end": {
          "line": 16,
          "column": 1
        }
      },
      "2": {
        "start": {
          "line": 7,
          "column": 2
        },
        "end": {
          "line": 11,
          "column": 3
        }
      },
      "3": {
        "start": {
          "line": 8,
          "column": 4
        },
        "end": {
          "line": 10,
          "column": 6
        }
      },
      "4": {
        "start": {
          "line": 12,
          "column": 2
        },
        "end": {
          "line": 12,
          "column": 39
        }
      },
      "5": {
        "start": {
          "line": 13,
          "column": 2
        },
        "end": {
          "line": 13,
          "column": 39
        }
      },
      "6": {
        "start": {
          "line": 14,
          "column": 2
        },
        "end": {
          "line": 14,
          "column": 127
        }
      },
      "7": {
        "start": {
          "line": 15,
          "column": 2
        },
        "end": {
          "line": 15,
          "column": 75
        }
      },
      "8": {
        "start": {
          "line": 26,
          "column": 17
        },
        "end": {
          "line": 83,
          "column": 3
        }
      },
      "9": {
        "start": {
          "line": 84,
          "column": 2
        },
        "end": {
          "line": 88,
          "column": 11
        }
      },
      "10": {
        "start": {
          "line": 90,
          "column": 0
        },
        "end": {
          "line": 90,
          "column": 12
        }
      },
      "11": {
        "start": {
          "line": 93,
          "column": 0
        },
        "end": {
          "line": 93,
          "column": 27
        }
      },
      "12": {
        "start": {
          "line": 94,
          "column": 0
        },
        "end": {
          "line": 97,
          "column": 1
        }
      },
      "13": {
        "start": {
          "line": 95,
          "column": 2
        },
        "end": {
          "line": 95,
          "column": 39
        }
      },
      "14": {
        "start": {
          "line": 96,
          "column": 2
        },
        "end": {
          "line": 96,
          "column": 39
        }
      },
      "15": {
        "start": {
          "line": 98,
          "column": 0
        },
        "end": {
          "line": 107,
          "column": 1
        }
      },
      "16": {
        "start": {
          "line": 99,
          "column": 2
        },
        "end": {
          "line": 106,
          "column": 5
        }
      },
      "17": {
        "start": {
          "line": 100,
          "column": 4
        },
        "end": {
          "line": 100,
          "column": 140
        }
      },
      "18": {
        "start": {
          "line": 101,
          "column": 4
        },
        "end": {
          "line": 105,
          "column": 7
        }
      },
      "19": {
        "start": {
          "line": 102,
          "column": 6
        },
        "end": {
          "line": 102,
          "column": 31
        }
      },
      "20": {
        "start": {
          "line": 102,
          "column": 24
        },
        "end": {
          "line": 102,
          "column": 31
        }
      },
      "21": {
        "start": {
          "line": 103,
          "column": 32
        },
        "end": {
          "line": 103,
          "column": 189
        }
      },
      "22": {
        "start": {
          "line": 104,
          "column": 6
        },
        "end": {
          "line": 104,
          "column": 75
        }
      },
      "23": {
        "start": {
          "line": 104,
          "column": 29
        },
        "end": {
          "line": 104,
          "column": 75
        }
      }
    },
    "fnMap": {
      "0": {
        "name": "Router",
        "decl": {
          "start": {
            "line": 25,
            "column": 9
          },
          "end": {
            "line": 25,
            "column": 15
          }
        },
        "loc": {
          "start": {
            "line": 25,
            "column": 18
          },
          "end": {
            "line": 89,
            "column": 1
          }
        },
        "line": 25
      },
      "1": {
        "name": "(anonymous_1)",
        "decl": {
          "start": {
            "line": 99,
            "column": 52
          },
          "end": {
            "line": 99,
            "column": 53
          }
        },
        "loc": {
          "start": {
            "line": 99,
            "column": 72
          },
          "end": {
            "line": 106,
            "column": 3
          }
        },
        "line": 99
      },
      "2": {
        "name": "(anonymous_2)",
        "decl": {
          "start": {
            "line": 101,
            "column": 27
          },
          "end": {
            "line": 101,
            "column": 28
          }
        },
        "loc": {
          "start": {
            "line": 101,
            "column": 44
          },
          "end": {
            "line": 105,
            "column": 5
          }
        },
        "line": 101
      }
    },
    "branchMap": {
      "0": {
        "loc": {
          "start": {
            "line": 3,
            "column": 20
          },
          "end": {
            "line": 3,
            "column": 97
          }
        },
        "type": "binary-expr",
        "locations": [
          {
            "start": {
              "line": 3,
              "column": 20
            },
            "end": {
              "line": 3,
              "column": 60
            }
          },
          {
            "start": {
              "line": 3,
              "column": 64
            },
            "end": {
              "line": 3,
              "column": 97
            }
          }
        ],
        "line": 3
      },
      "1": {
        "loc": {
          "start": {
            "line": 6,
            "column": 0
          },
          "end": {
            "line": 16,
            "column": 1
          }
        },
        "type": "if",
        "locations": [
          {
            "start": {
              "line": 6,
              "column": 0
            },
            "end": {
              "line": 16,
              "column": 1
            }
          },
          {
            "start": {},
            "end": {}
          }
        ],
        "line": 6
      },
      "2": {
        "loc": {
          "start": {
            "line": 6,
            "column": 4
          },
          "end": {
            "line": 6,
            "column": 35
          }
        },
        "type": "binary-expr",
        "locations": [
          {
            "start": {
              "line": 6,
              "column": 4
            },
            "end": {
              "line": 6,
              "column": 19
            }
          },
          {
            "start": {
              "line": 6,
              "column": 23
            },
            "end": {
              "line": 6,
              "column": 35
            }
          }
        ],
        "line": 6
      },
      "3": {
        "loc": {
          "start": {
            "line": 7,
            "column": 2
          },
          "end": {
            "line": 11,
            "column": 3
          }
        },
        "type": "if",
        "locations": [
          {
            "start": {
              "line": 7,
              "column": 2
            },
            "end": {
              "line": 11,
              "column": 3
            }
          },
          {
            "start": {},
            "end": {}
          }
        ],
        "line": 7
      },
      "4": {
        "loc": {
          "start": {
            "line": 94,
            "column": 0
          },
          "end": {
            "line": 97,
            "column": 1
          }
        },
        "type": "if",
        "locations": [
          {
            "start": {
              "line": 94,
              "column": 0
            },
            "end": {
              "line": 97,
              "column": 1
            }
          },
          {
            "start": {},
            "end": {}
          }
        ],
        "line": 94
      },
      "5": {
        "loc": {
          "start": {
            "line": 94,
            "column": 4
          },
          "end": {
            "line": 94,
            "column": 35
          }
        },
        "type": "binary-expr",
        "locations": [
          {
            "start": {
              "line": 94,
              "column": 4
            },
            "end": {
              "line": 94,
              "column": 19
            }
          },
          {
            "start": {
              "line": 94,
              "column": 23
            },
            "end": {
              "line": 94,
              "column": 35
            }
          }
        ],
        "line": 94
      },
      "6": {
        "loc": {
          "start": {
            "line": 98,
            "column": 0
          },
          "end": {
            "line": 107,
            "column": 1
          }
        },
        "type": "if",
        "locations": [
          {
            "start": {
              "line": 98,
              "column": 0
            },
            "end": {
              "line": 107,
              "column": 1
            }
          },
          {
            "start": {},
            "end": {}
          }
        ],
        "line": 98
      },
      "7": {
        "loc": {
          "start": {
            "line": 98,
            "column": 4
          },
          "end": {
            "line": 98,
            "column": 35
          }
        },
        "type": "binary-expr",
        "locations": [
          {
            "start": {
              "line": 98,
              "column": 4
            },
            "end": {
              "line": 98,
              "column": 19
            }
          },
          {
            "start": {
              "line": 98,
              "column": 23
            },
            "end": {
              "line": 98,
              "column": 35
            }
          }
        ],
        "line": 98
      },
      "8": {
        "loc": {
          "start": {
            "line": 102,
            "column": 6
          },
          "end": {
            "line": 102,
            "column": 31
          }
        },
        "type": "if",
        "locations": [
          {
            "start": {
              "line": 102,
              "column": 6
            },
            "end": {
              "line": 102,
              "column": 31
            }
          },
          {
            "start": {},
            "end": {}
          }
        ],
        "line": 102
      },
      "9": {
        "loc": {
          "start": {
            "line": 104,
            "column": 6
          },
          "end": {
            "line": 104,
            "column": 75
          }
        },
        "type": "if",
        "locations": [
          {
            "start": {
              "line": 104,
              "column": 6
            },
            "end": {
              "line": 104,
              "column": 75
            }
          },
          {
            "start": {},
            "end": {}
          }
        ],
        "line": 104
      }
    },
    "s": {
      "0": 4,
      "1": 4,
      "2": 4,
      "3": 0,
      "4": 4,
      "5": 4,
      "6": 4,
      "7": 4,
      "8": 8,
      "9": 8,
      "10": 4,
      "11": 4,
      "12": 4,
      "13": 4,
      "14": 4,
      "15": 4,
      "16": 4,
      "17": 4,
      "18": 4,
      "19": 0,
      "20": 0,
      "21": 0,
      "22": 0,
      "23": 0
    },
    "f": {
      "0": 8,
      "1": 4,
      "2": 0
    },
    "b": {
      "0": [
        4,
        0
      ],
      "1": [
        4,
        0
      ],
      "2": [
        4,
        4
      ],
      "3": [
        0,
        4
      ],
      "4": [
        4,
        0
      ],
      "5": [
        4,
        4
      ],
      "6": [
        4,
        0
      ],
      "7": [
        4,
        4
      ],
      "8": [
        0,
        0
      ],
      "9": [
        0,
        0
      ]
    },
    "inputSourceMap": {
      "version": 3,
      "mappings": "AAcQ,mBACE,cADF;;;;;;;;;;;;;;;;AAdR,SAASA,kBAAkBC,QAAQC,sBAAsB;AAEzD,OAAOC,YAAY;AACnB,OAAOC,YAAY;AACnB,OAAOC,UAAU;AACjB,OAAOC,UAAU;AACjB,OAAOC,YAAY;AACnB,OAAOC,eAAe;AACtB,OAAOC,aAAa;AAEpB,SAASC,SAAS;AAChB,QAAMC,SAASX;AAAAA,IAAiB;AAAA,MAC9B;AAAA,QACEY,SACE,mCACE;AAAA,iCAAC,YAAD;AAAA;AAAA;AAAA;AAAA,iBAAO;AAAA,UACP,uBAAC,UAAK,WAAU,YACd,iCAAC,YAAD;AAAA;AAAA;AAAA;AAAA,iBAAO,KADT;AAAA;AAAA;AAAA;AAAA,iBAEA;AAAA,UACA,uBAAC,YAAD;AAAA;AAAA;AAAA;AAAA,iBAAO;AAAA,aALT;AAAA;AAAA;AAAA;AAAA,eAMA;AAAA,QAEFC,UAAU;AAAA,UACR,EAAEC,MAAM,KAAKF,SAAS,uBAAC,UAAD;AAAA;AAAA;AAAA;AAAA,iBAAK,EAAI;AAAA,UAC/B,EAAEE,MAAM,mBAAmBF,SAAS,uBAAC,UAAD;AAAA;AAAA;AAAA;AAAA,iBAAK,EAAI;AAAA,UAC7C,EAAEE,MAAM,0BAA0BF,SAAS,uBAAC,YAAD;AAAA;AAAA;AAAA;AAAA,iBAAO,EAAI;AAAA,UACtD,EAAEE,MAAM,6BAA6BF,SAAS,uBAAC,eAAD;AAAA;AAAA;AAAA;AAAA,iBAAU,EAAI;AAAA,UAC5D,EAAEE,MAAM,SAASF,SAAS,uBAAC,aAAD;AAAA;AAAA;AAAA;AAAA,iBAAQ,EAAI;AAAA,QAAC;AAAA,MAE3C;AAAA,IAAC;AAAA,EACF;AAED,SAAO,uBAAC,kBAAe,UAAhB;AAAA;AAAA;AAAA;AAAA,SAA+B;AACxC;AAACG,KAvBQL;AAyBT,eAAeA;AAAO,IAAAK;AAAAC,aAAAD,IAAA",
      "names": [
        "createHashRouter",
        "Outlet",
        "RouterProvider",
        "Navbar",
        "Footer",
        "Home",
        "City",
        "Quests",
        "QuestPage",
        "UMLPage",
        "Router",
        "router",
        "element",
        "children",
        "path",
        "_c",
        "$RefreshReg$"
      ],
      "ignoreList": [],
      "sources": [
        "C:/Users/rhz19/ITHS/Testning/my-project/frontend/src/router/Router.tsx"
      ],
      "file": "C:/Users/rhz19/ITHS/Testning/my-project/frontend/src/router/Router.tsx"
    },
    "_coverageSchema": "1a1c01bbd47fc00a2c39e90264f33305004495a9",
    "hash": "5b3ddc1fd650b7129f0c92f2ec9822fab6c7023b"
  },
  "C:/Users/rhz19/ITHS/Testning/my-project/frontend/src/main.tsx": {
    "path": "C:/Users/rhz19/ITHS/Testning/my-project/frontend/src/main.tsx",
    "statementMap": {
      "0": {
        "start": {
          "line": 7,
          "column": 0
        },
        "end": {
          "line": 21,
          "column": 2
        }
      }
    },
    "fnMap": {},
    "branchMap": {},
    "s": {
      "0": 4
    },
    "f": {},
    "b": {},
    "inputSourceMap": {
      "version": 3,
      "mappings": "AASM;AATN,SAASA,kBAAkB;AAC3B,SAASC,kBAAkB;AAC3B,OAAO;AACP,OAAOC,SAAS;AAChB,OAAOC,YAAY;AAEnBF,WAAWG,SAASC,eAAe,MAAM,CAAE,EAAEC;AAAAA,EAC3C,uBAAC,cACC,iCAAC,UACC,iCAAC,SAAD;AAAA;AAAA;AAAA;AAAA,SAAI,KADN;AAAA;AAAA;AAAA;AAAA,SAEA,KAHF;AAAA;AAAA;AAAA;AAAA,SAIA;AACF",
      "names": [
        "StrictMode",
        "createRoot",
        "App",
        "Routes",
        "document",
        "getElementById",
        "render"
      ],
      "ignoreList": [],
      "sources": [
        "C:/Users/rhz19/ITHS/Testning/my-project/frontend/src/main.tsx"
      ],
      "file": "C:/Users/rhz19/ITHS/Testning/my-project/frontend/src/main.tsx"
    },
    "_coverageSchema": "1a1c01bbd47fc00a2c39e90264f33305004495a9",
    "hash": "757dd2055a3aa8df2421be6886cc54fa1336e64b"
  }
}